{"deviceType":"desktop","duration":"2ms","level":"info","message":"API Request","method":"GET","span_id":"c45d61136c9b4f6b","status":200,"timestamp":"2026-05-20T07:44:45.663Z","trace_flags":"01","trace_id":"90af9c709d8970c33e7b3e664581e5cc","url":"/api/monitoring/logs"}
{"browser":"Mobile Chrome","deviceType":"mobile","duration":"2ms","level":"info","message":"API Request","method":"GET","os":"Android","span_id":"a41f4b775b82ecba","status":200,"timestamp":"2026-05-20T07:44:54.432Z","trace_flags":"01","trace_id":"70e5e91ece19ddcaa8739dad982c78ac","url":"/api/monitoring/logs"}
{"browser":"Mobile Chrome","deviceType":"mobile","duration":"3ms","level":"info","message":"API Request","method":"GET","os":"Android","span_id":"605b02f186770003","status":200,"timestamp":"2026-05-20T07:44:57.561Z","trace_flags":"01","trace_id":"48b3935dd4919034ca49eaac706fbadd","url":"/api/monitoring/logs"}
{"browser":"Mobile Chrome","deviceType":"mobile","duration":"4ms","level":"info","message":"API Request","method":"GET","os":"Android","span_id":"b27042418dea1bcf","status":200,"timestamp":"2026-05-20T07:45:02.564Z","trace_flags":"01","trace_id":"e46903b7682ab80389dbd80bd80cae73","url":"/api/monitoring/logs"}
{"browser":"Mobile Chrome","deviceType":"mobile","duration":"3ms","level":"info","message":"API Request","method":"GET","os":"Android","span_id":"eaff469725856fab","status":200,"timestamp":"2026-05-20T07:45:07.575Z","trace_flags":"01","trace_id":"f13c667c4fcb1936472859f3cb3de587","url":"/api/monitoring/logs"}
{"browser":"Mobile Chrome","deviceType":"mobile","duration":"2ms","level":"info","message":"API Request","method":"GET","os":"Android","span_id":"4167777fb487bfb3","status":200,"timestamp":"2026-05-20T07:45:12.556Z","trace_flags":"01","trace_id":"db25ce5dd84ed96f610602c47779899c","url":"/api/monitoring/logs"}
{"deviceType":"desktop","duration":"1ms","level":"info","message":"API Request","method":"POST","span_id":"2db3b4cea9dfbbb2","status":401,"timestamp":"2026-05-20T07:47:45.264Z","trace_flags":"01","trace_id":"d5f9eaa3adcfa9a3c73ea77e7f42c897","url":"/api/auth/refresh"}
{"browser":"Chrome","deviceType":"desktop","duration":"1ms","level":"info","message":"API Request","method":"OPTIONS","os":"Windows","span_id":"13a466f2eb9133f1","status":204,"timestamp":"2026-05-20T08:19:46.400Z","trace_flags":"01","trace_id":"4a5be7642b9377141c5094fbd84a6fdf","url":"/api/auth/login"}
{"browser":"Chrome","deviceType":"desktop","duration":"268ms","level":"info","message":"API Request","method":"POST","os":"Windows","span_id":"acf509229e198214","status":200,"timestamp":"2026-05-20T08:19:46.745Z","trace_flags":"01","trace_id":"d9169d15b071576d3fef80ade22458db","url":"/api/auth/login"}
{"browser":"Chrome","deviceType":"desktop","duration":"9ms","level":"info","message":"API Request","method":"GET","os":"Windows","span_id":"2737a1ff1d9f8213","status":304,"timestamp":"2026-05-20T08:19:46.761Z","trace_flags":"01","trace_id":"0d54586fc199d3a2f69b96741ecf8c53","url":"/api/auth/me"}
{"browser":"Chrome","deviceType":"desktop","duration":"3ms","level":"info","message":"API Request","method":"GET","os":"Windows","span_id":"c0501337fb48694b","status":304,"timestamp":"2026-05-20T08:19:46.768Z","trace_flags":"01","trace_id":"bbaabd0142c00404187787c224644afd","url":"/api/auth/me"}
{"browser":"Chrome","deviceType":"desktop","duration":"263ms","level":"info","message":"API Request","method":"GET","os":"Windows","span_id":"969f035e4f8598ca","status":304,"timestamp":"2026-05-20T08:19:55.065Z","trace_flags":"01","trace_id":"eef7566f4b8553d564f915830263005a","url":"/api/portfolio"}
{"browser":"Chrome","deviceType":"desktop","duration":"67ms","level":"info","message":"API Request","method":"GET","os":"Windows","span_id":"83d01aead0e7604d","status":304,"timestamp":"2026-05-20T08:19:55.136Z","trace_flags":"01","trace_id":"78fa64574a1bd1c42676dc2988e565c9","url":"/api/portfolio"}
{"browser":"Chrome","deviceType":"desktop","duration":"65ms","level":"info","message":"API Request","method":"GET","os":"Windows","span_id":"4f0291de2335b143","status":304,"timestamp":"2026-05-20T08:19:58.000Z","trace_flags":"01","trace_id":"62426e1c52abd4279e97dd5c8c271080","url":"/api/portfolio"}
{"browser":"Chrome","deviceType":"desktop","duration":"64ms","level":"info","message":"API Request","method":"GET","os":"Windows","span_id":"95aff0b66c75b496","status":304,"timestamp":"2026-05-20T08:19:58.068Z","trace_flags":"01","trace_id":"6bdb852430a94c6ef90a31444c6ac50b","url":"/api/portfolio"}
{"browser":"Chrome","deviceType":"desktop","duration":"75ms","level":"info","message":"API Request","method":"GET","os":"Windows","span_id":"e2f67fecee3c8559","status":304,"timestamp":"2026-05-20T08:19:59.550Z","trace_flags":"01","trace_id":"e11163dbea6157ca20db165747b3651a","url":"/api/portfolio"}
{"browser":"Chrome","deviceType":"desktop","duration":"62ms","level":"info","message":"API Request","method":"GET","os":"Windows","span_id":"7092e1dc339145bb","status":304,"timestamp":"2026-05-20T08:19:59.616Z","trace_flags":"01","trace_id":"b5a131ed5167f1ae1c05b3f1a1ca6fd9","url":"/api/portfolio"}
{"browser":"Chrome","deviceType":"desktop","duration":"64ms","level":"info","message":"API Request","method":"GET","os":"Windows","span_id":"9bbd6bd032894f21","status":304,"timestamp":"2026-05-20T08:20:05.472Z","trace_flags":"01","trace_id":"69aa0981a86913e6bdb372f81d5ac211","url":"/api/portfolio"}
{"browser":"Chrome","deviceType":"desktop","duration":"60ms","level":"info","message":"API Request","method":"GET","os":"Windows","span_id":"792e22383b874d82","status":304,"timestamp":"2026-05-20T08:20:05.535Z","trace_flags":"01","trace_id":"e4e9cb4cb5aa62d55e0fc61e8d1866cd","url":"/api/portfolio"}
{"browser":"Chrome","deviceType":"desktop","duration":"4ms","level":"info","message":"API Request","method":"GET","os":"Windows","span_id":"465a6b426bf8984c","status":404,"timestamp":"2026-05-20T08:20:12.008Z","trace_flags":"01","trace_id":"09128e49d9a4bf761dc2a99a5052ff28","url":"/metrics/system"}
{"browser":"Chrome","deviceType":"desktop","duration":"2ms","level":"info","message":"API Request","method":"GET","os":"Windows","span_id":"bba5dda3a716f874","status":404,"timestamp":"2026-05-20T08:20:12.014Z","trace_flags":"01","trace_id":"4e3aaaa5c231fe564fe845873c08f163","url":"/metrics/system"}
{"browser":"Chrome","deviceType":"desktop","duration":"73ms","level":"info","message":"API Request","method":"GET","os":"Windows","span_id":"b113f9794150a21d","status":304,"timestamp":"2026-05-20T08:20:13.037Z","trace_flags":"01","trace_id":"c624be6c3a5e817a0065dbf8d586e421","url":"/api/portfolio"}
{"browser":"Chrome","deviceType":"desktop","duration":"61ms","level":"info","message":"API Request","method":"GET","os":"Windows","span_id":"b61119a611d2f739","status":304,"timestamp":"2026-05-20T08:20:13.102Z","trace_flags":"01","trace_id":"c6a9fac2b5ab2ac5e2f96d23580c141e","url":"/api/portfolio"}
{"browser":"Chrome","deviceType":"desktop","duration":"184ms","level":"info","message":"API Request","method":"GET","os":"Windows","span_id":"285aae8927642d42","status":304,"timestamp":"2026-05-20T08:20:51.918Z","trace_flags":"01","trace_id":"00842c1f024c8e4b31beca66bf200719","url":"/api/portfolio"}
{"deviceType":"desktop","duration":"55ms","level":"info","message":"API Request","method":"GET","span_id":"3d0aaa4ea166b3b9","status":200,"timestamp":"2026-05-20T08:36:51.621Z","trace_flags":"01","trace_id":"787007c88f2d3cac593ca95c0afc1db9","url":"/api/audit/"}
{"browser":"Chrome","deviceType":"desktop","duration":"7ms","level":"info","message":"API Request","method":"GET","os":"Windows","span_id":"29aa070d324935d1","status":401,"timestamp":"2026-05-20T08:40:42.271Z","trace_flags":"01","trace_id":"fe0a4fcbda428e2cf839ddb86968c096","url":"/api/portfolio"}
{"browser":"Chrome","deviceType":"desktop","duration":"41ms","level":"info","message":"API Request","method":"GET","os":"Windows","span_id":"e245b87f215dd61b","status":200,"timestamp":"2026-05-20T08:40:51.012Z","trace_flags":"01","trace_id":"e90298541a6d21a4c9fe2875f5858c4c","url":"/api/audit"}
{"browser":"Chrome","deviceType":"desktop","duration":"27ms","level":"info","message":"API Request","method":"GET","os":"Windows","span_id":"63a802a0e1f120a0","status":200,"timestamp":"2026-05-20T08:41:10.789Z","trace_flags":"01","trace_id":"ffbb00fbcc75b9a417e14048afafc2e8","url":"/api/audit/"}
{"browser":"Chrome","deviceType":"desktop","duration":"30ms","level":"info","message":"API Request","method":"GET","os":"Windows","span_id":"1836c2a5c1869679","status":304,"timestamp":"2026-05-20T08:41:14.208Z","trace_flags":"01","trace_id":"eee4826ebfb23721c0d8672313324cd8","url":"/api/audit/"}
{"browser":"Mobile Chrome","deviceType":"mobile","duration":"27ms","level":"info","message":"API Request","method":"GET","os":"Android","span_id":"ccf31ad02f851716","status":304,"timestamp":"2026-05-20T08:42:47.794Z","trace_flags":"01","trace_id":"017381c4d5fcdff6e2475c6d2c515a37","url":"/api/audit"}
{"browser":"Chrome","deviceType":"desktop","duration":"1ms","level":"info","message":"API Request","method":"GET","os":"Windows","span_id":"df704712e3bd1364","status":401,"timestamp":"2026-05-20T08:43:34.057Z","trace_flags":"01","trace_id":"381b1809f114e25515b12db94a59815d","url":"/api/portfolio"}
{"browser":"Chrome","deviceType":"desktop","duration":"1ms","level":"info","message":"API Request","method":"GET","os":"Windows","span_id":"b754c573ccab95e3","status":401,"timestamp":"2026-05-20T08:43:39.996Z","trace_flags":"01","trace_id":"682d262795bdecdc34529666f16418a1","url":"/api/portfolio"}
{"browser":"Chrome","deviceType":"desktop","duration":"2ms","level":"info","message":"API Request","method":"GET","os":"Windows","span_id":"72d29794a02312f8","status":401,"timestamp":"2026-05-20T08:43:42.568Z","trace_flags":"01","trace_id":"0d0be3bf6a11278eed72f5142eaf4953","url":"/api/portfolio"}
{"browser":"Chrome","deviceType":"desktop","duration":"2ms","level":"info","message":"API Request","method":"GET","os":"Windows","span_id":"928a6ed9cd3f6554","status":401,"timestamp":"2026-05-20T08:43:42.573Z","trace_flags":"01","trace_id":"2cbd7ae60198a9c0e21ee59e9a9faef2","url":"/api/portfolio"}
{"browser":"Chrome","deviceType":"desktop","duration":"2ms","level":"info","message":"API Request","method":"GET","os":"Windows","span_id":"6307ef5536439d43","status":401,"timestamp":"2026-05-20T08:43:44.250Z","trace_flags":"01","trace_id":"069bf6a74331d2e72534d2c1ee9c1711","url":"/api/portfolio"}
{"browser":"Chrome","deviceType":"desktop","duration":"1ms","level":"info","message":"API Request","method":"GET","os":"Windows","span_id":"301bd9e92eb869de","status":401,"timestamp":"2026-05-20T08:43:44.254Z","trace_flags":"01","trace_id":"8c0b368b8361a84305d6881590e0c62c","url":"/api/portfolio"}
{"browser":"Chrome","deviceType":"desktop","duration":"1ms","level":"info","message":"API Request","method":"GET","os":"Windows","span_id":"9ac23bbd391e347f","status":401,"timestamp":"2026-05-20T09:03:33.032Z","trace_flags":"01","trace_id":"d62718ebf50e6a341627846aae554a9a","url":"/api/portfolio"}
{"browser":"Chrome","deviceType":"desktop","duration":"0ms","level":"info","message":"API Request","method":"GET","os":"Windows","span_id":"62628e5bc2de827a","status":401,"timestamp":"2026-05-20T09:03:37.406Z","trace_flags":"01","trace_id":"48b19fd0883752040e51e39d849ce005","url":"/api/portfolio"}
{"browser":"Chrome","deviceType":"desktop","duration":"0ms","level":"info","message":"API Request","method":"GET","os":"Windows","span_id":"fd16ae380c143071","status":401,"timestamp":"2026-05-20T09:03:37.408Z","trace_flags":"01","trace_id":"16c357cfe66a09f92a6ea3b537a26ff7","url":"/api/portfolio"}
{"browser":"Chrome","deviceType":"desktop","duration":"1ms","level":"info","message":"API Request","method":"GET","os":"Windows","span_id":"40102d1a9b7d277b","status":401,"timestamp":"2026-05-20T09:03:39.523Z","trace_flags":"01","trace_id":"41fcd3355e4f0b09671e2cf1eb7e45a4","url":"/api/portfolio"}
{"browser":"Chrome","deviceType":"desktop","duration":"0ms","level":"info","message":"API Request","method":"GET","os":"Windows","span_id":"ff6091996ec486ec","status":401,"timestamp":"2026-05-20T09:03:39.526Z","trace_flags":"01","trace_id":"0facb33c853e05c89ec3f828208eca76","url":"/api/portfolio"}
{"browser":"Chrome","deviceType":"desktop","duration":"0ms","level":"info","message":"API Request","method":"GET","os":"Windows","span_id":"dfd9fdbadef414d5","status":401,"timestamp":"2026-05-20T09:03:40.612Z","trace_flags":"01","trace_id":"5b6c8ab4d0b48caacd23908d3a51944f","url":"/api/portfolio"}
{"browser":"Chrome","deviceType":"desktop","duration":"1ms","level":"info","message":"API Request","method":"GET","os":"Windows","span_id":"25d38b54ba484038","status":401,"timestamp":"2026-05-20T09:03:40.614Z","trace_flags":"01","trace_id":"dff4788022ba988e6b7f0b2cb223c7f7","url":"/api/portfolio"}
{"browser":"Chrome","deviceType":"desktop","duration":"2ms","level":"info","message":"API Request","method":"GET","os":"Windows","span_id":"ac1d2d00ec8de4bf","status":401,"timestamp":"2026-05-20T09:03:53.234Z","trace_flags":"01","trace_id":"8c9da9982e23a09c7a69e5b17051b648","url":"/api/portfolio"}
{"browser":"Chrome","deviceType":"desktop","duration":"1ms","level":"info","message":"API Request","method":"GET","os":"Windows","span_id":"0c9b66343541619c","status":401,"timestamp":"2026-05-20T09:03:55.959Z","trace_flags":"01","trace_id":"b4c3951aab112255dbdde788e5796b2b","url":"/api/portfolio"}
{"browser":"Chrome","deviceType":"desktop","duration":"1ms","level":"info","message":"API Request","method":"GET","os":"Windows","span_id":"143cda8a09d110ba","status":401,"timestamp":"2026-05-20T09:03:56.072Z","trace_flags":"01","trace_id":"28a4226aa02ae102118c7f326df04bb8","url":"/api/portfolio"}
{"browser":"Chrome","deviceType":"desktop","duration":"0ms","level":"info","message":"API Request","method":"GET","os":"Windows","span_id":"37debe553ff656fa","status":401,"timestamp":"2026-05-20T09:03:56.193Z","trace_flags":"01","trace_id":"d6fac1bdc4379a5ab27759413a2d6498","url":"/api/portfolio"}
{"browser":"Chrome","deviceType":"desktop","duration":"2ms","level":"info","message":"API Request","method":"GET","os":"Windows","span_id":"df9155878292a5a0","status":401,"timestamp":"2026-05-20T09:03:56.341Z","trace_flags":"01","trace_id":"fbff494deef5bd2f681984fa0642b301","url":"/api/portfolio"}
{"browser":"Chrome","deviceType":"desktop","duration":"1ms","level":"info","message":"API Request","method":"GET","os":"Windows","span_id":"85149e1541ff6bef","status":401,"timestamp":"2026-05-20T09:03:56.459Z","trace_flags":"01","trace_id":"6f17f157a3028f1bc4fc3611b2a691aa","url":"/api/portfolio"}
{"browser":"Chrome","deviceType":"desktop","duration":"4ms","level":"info","message":"API Request","method":"GET","os":"Windows","span_id":"c0eee77899d84b28","status":401,"timestamp":"2026-05-20T09:03:56.696Z","trace_flags":"01","trace_id":"92fe7b97832359102de2c478812dd05f","url":"/api/portfolio"}
{"browser":"Mobile Chrome","deviceType":"mobile","duration":"1ms","level":"info","message":"API Request","method":"GET","os":"Android","span_id":"21774a01b742f8dd","status":401,"timestamp":"2026-05-20T09:04:19.855Z","trace_flags":"01","trace_id":"d335008a16d632e523a3f1cc698958b9","url":"/api/portfolio"}
{"browser":"Mobile Chrome","deviceType":"mobile","duration":"1ms","level":"info","message":"API Request","method":"GET","os":"Android","span_id":"098a136ab2b6d6b5","status":401,"timestamp":"2026-05-20T09:04:19.858Z","trace_flags":"01","trace_id":"511041d43d1e17bd5da8d26346bc084c","url":"/api/portfolio"}
{"browser":"Mobile Chrome","deviceType":"mobile","duration":"1ms","level":"info","message":"API Request","method":"GET","os":"Android","span_id":"24a79edb9c8c4f3e","status":401,"timestamp":"2026-05-20T09:04:22.843Z","trace_flags":"01","trace_id":"22099f349f4ac04380bf387b7be01ec8","url":"/api/portfolio"}
{"browser":"Mobile Chrome","deviceType":"mobile","duration":"1ms","level":"info","message":"API Request","method":"GET","os":"Android","span_id":"5e844e2fc665aa22","status":401,"timestamp":"2026-05-20T09:04:22.845Z","trace_flags":"01","trace_id":"43a5f9b60c3c5f139ad10faae90200ff","url":"/api/portfolio"}
{"browser":"Mobile Chrome","deviceType":"mobile","duration":"0ms","level":"info","message":"API Request","method":"GET","os":"Android","span_id":"c6284d44e9b15835","status":401,"timestamp":"2026-05-20T09:04:23.911Z","trace_flags":"01","trace_id":"e168b19d519800b25e5aa7ddf4f2f1f6","url":"/api/portfolio"}
{"browser":"Mobile Chrome","deviceType":"mobile","duration":"0ms","level":"info","message":"API Request","method":"GET","os":"Android","span_id":"d118077983f956b7","status":401,"timestamp":"2026-05-20T09:04:23.914Z","trace_flags":"01","trace_id":"b8a737d4edf3bfadc63c23264fc398c8","url":"/api/portfolio"}
{"browser":"Mobile Chrome","deviceType":"mobile","duration":"4ms","level":"info","message":"API Request","method":"GET","os":"Android","span_id":"429c2820b5275574","status":401,"timestamp":"2026-05-20T09:06:06.431Z","trace_flags":"01","trace_id":"f209aa0bf2cec16bf5ff8dea73a1cce9","url":"/api/portfolio"}
{"browser":"Mobile Chrome","deviceType":"mobile","duration":"6ms","level":"info","message":"API Request","method":"GET","os":"Android","span_id":"c3eccf15ecd43296","status":401,"timestamp":"2026-05-20T09:06:59.005Z","trace_flags":"01","trace_id":"7ba656a96f0de5f0491476bb25cc9e07","url":"/api/portfolio"}
{"browser":"Mobile Chrome","deviceType":"mobile","duration":"231ms","level":"info","message":"API Request","method":"GET","os":"Android","span_id":"758f499437873032","status":200,"timestamp":"2026-05-20T09:07:18.366Z","trace_flags":"01","trace_id":"1e67a6b8959907783f543969a3beea12","url":"/api/portfolio"}
{"deviceType":"desktop","duration":"6ms","level":"info","message":"API Request","method":"POST","span_id":"b8613674b286c601","status":400,"timestamp":"2026-05-20T09:32:54.975Z","trace_flags":"01","trace_id":"e10ce1d7fc664f5f65fd7cf16ee5d3ee","url":"/api/auth/register"}
{"deviceType":"desktop","duration":"3ms","level":"info","message":"API Request","method":"POST","span_id":"b534c34a72711ec6","status":400,"timestamp":"2026-05-20T09:33:22.904Z","trace_flags":"01","trace_id":"cce84817f8fef88cb7add9076758fc50","url":"/api/auth/register"}
{"deviceType":"desktop","duration":"285ms","level":"info","message":"API Request","method":"POST","span_id":"6bb7e3ed0fbd584a","status":201,"timestamp":"2026-05-20T09:33:40.798Z","trace_flags":"01","trace_id":"ede2391343dcaf43c3b58cdb4f7bc79e","url":"/api/auth/register"}
{"deviceType":"desktop","duration":"302ms","level":"info","message":"API Request","method":"POST","span_id":"8723d4f3271668f6","status":201,"timestamp":"2026-05-20T09:34:40.608Z","trace_flags":"01","trace_id":"638fed8738bef0f837d082d971dba6fd","url":"/api/auth/register"}
{"deviceType":"desktop","duration":"265ms","level":"info","message":"API Request","method":"POST","span_id":"55d1e6b535438635","status":201,"timestamp":"2026-05-20T09:35:33.183Z","trace_flags":"01","trace_id":"11406ee37ce160b1b20097bf65e36356","url":"/api/auth/register"}
{"deviceType":"desktop","duration":"3ms","level":"info","message":"API Request","method":"POST","span_id":"0534776c98db5b1e","status":400,"timestamp":"2026-05-20T09:36:08.728Z","trace_flags":"01","trace_id":"412b75b9fbe172442e1e549b513ba5f0","url":"/api/auth/register"}
{"deviceType":"desktop","duration":"261ms","level":"info","message":"API Request","method":"POST","span_id":"32c1a3f52679e67d","status":201,"timestamp":"2026-05-20T09:37:03.427Z","trace_flags":"01","trace_id":"119a880a07fa9260f73df5c276579d0d","url":"/api/auth/register"}
{"browser":"Chrome","deviceType":"desktop","duration":"2ms","level":"info","message":"API Request","method":"OPTIONS","os":"Windows","span_id":"1e736d45fb01d282","status":204,"timestamp":"2026-05-20T09:38:09.998Z","trace_flags":"01","trace_id":"abdbbc9d8b7bb3b7b6d17b2c1c873042","url":"/api/auth/login"}
{"browser":"Chrome","deviceType":"desktop","duration":"258ms","level":"info","message":"API Request","method":"POST","os":"Windows","span_id":"5ea873fb0e83a5c8","status":200,"timestamp":"2026-05-20T09:38:10.262Z","trace_flags":"01","trace_id":"c37905269024f2bb41228a24a0cba2e3","url":"/api/auth/login"}
{"browser":"Chrome","deviceType":"desktop","duration":"7ms","level":"info","message":"API Request","method":"GET","os":"Windows","span_id":"90dc13da5470ccc1","status":200,"timestamp":"2026-05-20T09:38:10.288Z","trace_flags":"01","trace_id":"6e72435545a5f2ff1b631061f6490551","url":"/api/auth/me"}
{"browser":"Chrome","deviceType":"desktop","duration":"4ms","level":"info","message":"API Request","method":"GET","os":"Windows","span_id":"b239ec7af8f906c4","status":304,"timestamp":"2026-05-20T09:38:10.297Z","trace_flags":"01","trace_id":"8e117189ae76e5b1921687647195f69b","url":"/api/auth/me"}
{"browser":"Mobile Chrome","deviceType":"mobile","duration":"2ms","level":"info","message":"API Request","method":"OPTIONS","os":"Android","span_id":"eafb8055db74cfd0","status":204,"timestamp":"2026-05-20T09:39:08.975Z","trace_flags":"01","trace_id":"21f39820da3dea415015115749d78787","url":"/api/auth/login"}
{"browser":"Mobile Chrome","deviceType":"mobile","duration":"265ms","level":"info","message":"API Request","method":"POST","os":"Android","span_id":"fce2e7c007bb91b0","status":200,"timestamp":"2026-05-20T09:39:09.245Z","trace_flags":"01","trace_id":"f1f0fe15dcf15855bb799f2c21fe008c","url":"/api/auth/login"}
{"browser":"Mobile Chrome","deviceType":"mobile","duration":"6ms","level":"info","message":"API Request","method":"GET","os":"Android","span_id":"81bcab6c8f271d21","status":304,"timestamp":"2026-05-20T09:39:09.281Z","trace_flags":"01","trace_id":"c1d00d9e493cf20f81328ae5d91a8cbd","url":"/api/auth/me"}
{"browser":"Mobile Chrome","deviceType":"mobile","duration":"2ms","level":"info","message":"API Request","method":"GET","os":"Android","span_id":"fd7b36229188fb13","status":304,"timestamp":"2026-05-20T09:39:09.288Z","trace_flags":"01","trace_id":"431a1a5f6f4d3b7bbb9a072f2974d1fb","url":"/api/auth/me"}
{"browser":"Mobile Chrome","deviceType":"mobile","duration":"3ms","level":"info","message":"API Request","method":"GET","os":"Android","span_id":"0c3e923b52145ce5","status":304,"timestamp":"2026-05-20T09:39:42.169Z","trace_flags":"01","trace_id":"d135411e3e81797b4dfa0944e709cf28","url":"/api/auth/me"}
{"browser":"Mobile Chrome","deviceType":"mobile","duration":"1ms","level":"info","message":"API Request","method":"GET","os":"Android","span_id":"f543ff1006a54cb1","status":304,"timestamp":"2026-05-20T09:40:18.079Z","trace_flags":"01","trace_id":"23f73a1786d17e5b7aac25bfe64f2e34","url":"/api/auth/me"}
{"browser":"Mobile Chrome","deviceType":"mobile","duration":"2ms","level":"info","message":"API Request","method":"GET","os":"Android","span_id":"34ae50d993a778ad","status":304,"timestamp":"2026-05-20T09:40:18.084Z","trace_flags":"01","trace_id":"8905c65cd5b5959ef422bf518ac8c756","url":"/api/auth/me"}
{"browser":"Mobile Chrome","deviceType":"mobile","duration":"2ms","level":"info","message":"API Request","method":"GET","os":"Android","span_id":"55614c869e816a28","status":304,"timestamp":"2026-05-20T09:40:21.545Z","trace_flags":"01","trace_id":"a61914db7780129ef5e76e48e5e816cf","url":"/api/auth/me"}
{"browser":"Mobile Chrome","deviceType":"mobile","duration":"2ms","level":"info","message":"API Request","method":"GET","os":"Android","span_id":"4d1e3dcfd4325d32","status":304,"timestamp":"2026-05-20T09:40:21.550Z","trace_flags":"01","trace_id":"c10812b0c2dee7afa588454c2cb05297","url":"/api/auth/me"}
{"browser":"Mobile Chrome","deviceType":"mobile","duration":"2ms","level":"info","message":"API Request","method":"GET","os":"Android","span_id":"bfa4332f53eb0044","status":304,"timestamp":"2026-05-20T09:40:43.725Z","trace_flags":"01","trace_id":"ecbab2011d121f44e32df625fe502800","url":"/api/auth/me"}
{"browser":"Mobile Chrome","deviceType":"mobile","duration":"2ms","level":"info","message":"API Request","method":"GET","os":"Android","span_id":"1af74c998cb1e4bb","status":304,"timestamp":"2026-05-20T09:40:43.730Z","trace_flags":"01","trace_id":"4f04c3b2b259b8e3aa0318ae4ecafead","url":"/api/auth/me"}
{"browser":"Chrome","deviceType":"desktop","duration":"1ms","level":"info","message":"API Request","method":"GET","os":"Windows","span_id":"46fb013e313bcb6f","status":304,"timestamp":"2026-05-20T09:40:58.805Z","trace_flags":"01","trace_id":"83ddd7e85624c7c9f861345b24576d14","url":"/api/auth/me"}
{"browser":"Chrome","deviceType":"desktop","duration":"1ms","level":"info","message":"API Request","method":"GET","os":"Windows","span_id":"fdcd811bd4933787","status":304,"timestamp":"2026-05-20T09:40:58.809Z","trace_flags":"01","trace_id":"34afd43b4e67f75c786e3605657f80a6","url":"/api/auth/me"}
{"browser":"Chrome","deviceType":"desktop","duration":"1ms","level":"info","message":"API Request","method":"GET","os":"Windows","span_id":"f3068470fab55276","status":401,"timestamp":"2026-05-20T09:43:20.585Z","trace_flags":"01","trace_id":"10e9fc327912cd26f00359333c10196a","url":"/api/auth/me"}
{"browser":"Chrome","deviceType":"desktop","duration":"0ms","level":"info","message":"API Request","method":"GET","os":"Windows","span_id":"1e9ddf6c09b36e17","status":401,"timestamp":"2026-05-20T09:43:20.589Z","trace_flags":"01","trace_id":"436a4aa89705e3bb522ced0cd4a73023","url":"/api/auth/me"}
{"browser":"Chrome","deviceType":"desktop","duration":"2ms","level":"info","message":"API Request","method":"GET","os":"Windows","span_id":"b56a8402180e94aa","status":401,"timestamp":"2026-05-20T09:43:36.034Z","trace_flags":"01","trace_id":"a1a4d01990670653e3cf85a4daec9952","url":"/api/auth/me"}
{"browser":"Chrome","deviceType":"desktop","duration":"1ms","level":"info","message":"API Request","method":"GET","os":"Windows","span_id":"2cf149ed570c0df6","status":401,"timestamp":"2026-05-20T09:43:42.214Z","trace_flags":"01","trace_id":"3a00028352b2fc7fa6d8879cc6406664","url":"/api/auth/me"}
{"browser":"Chrome","deviceType":"desktop","duration":"1ms","level":"info","message":"API Request","method":"GET","os":"Windows","span_id":"931f9fda0cf40c70","status":401,"timestamp":"2026-05-20T09:43:42.219Z","trace_flags":"01","trace_id":"3de30544b619c50e9c78d62f06ae1659","url":"/api/auth/me"}
{"browser":"Chrome","deviceType":"desktop","duration":"1ms","level":"info","message":"API Request","method":"GET","os":"Windows","span_id":"6fcd55da6a75f7e3","status":401,"timestamp":"2026-05-20T09:44:16.674Z","trace_flags":"01","trace_id":"ffc61df4f4f7a0c2a06d955626a27ce4","url":"/api/auth/me"}
{"browser":"Chrome","deviceType":"desktop","duration":"1ms","level":"info","message":"API Request","method":"OPTIONS","os":"Windows","span_id":"88025d4d2cb52b28","status":204,"timestamp":"2026-05-20T09:45:16.901Z","trace_flags":"01","trace_id":"f09f1aa8a365a0fe1336c68191001842","url":"/api/auth/login"}
{"browser":"Chrome","deviceType":"desktop","duration":"33ms","level":"info","message":"API Request","method":"POST","os":"Windows","span_id":"4aeec7e1948d4e1c","status":404,"timestamp":"2026-05-20T09:45:16.937Z","trace_flags":"01","trace_id":"f9e3444fe0726f1a3f52324d85d980b5","url":"/api/auth/login"}
{"browser":"Chrome","deviceType":"desktop","duration":"1ms","level":"info","message":"API Request","method":"OPTIONS","os":"Windows","span_id":"6485007e9a3996be","status":204,"timestamp":"2026-05-20T09:45:33.679Z","trace_flags":"01","trace_id":"da27d449707d6c605cdd75ede5f68592","url":"/api/auth/login"}
{"browser":"Chrome","deviceType":"desktop","duration":"31ms","level":"info","message":"API Request","method":"POST","os":"Windows","span_id":"da693a856c7d9ba2","status":404,"timestamp":"2026-05-20T09:45:33.715Z","trace_flags":"01","trace_id":"3c534d142c710ef87fa590df48885a36","url":"/api/auth/login"}
{"browser":"Chrome","deviceType":"desktop","duration":"1ms","level":"info","message":"API Request","method":"OPTIONS","os":"Windows","span_id":"e64154638044b4fe","status":204,"timestamp":"2026-05-20T09:45:45.634Z","trace_flags":"01","trace_id":"39c522bf36f0331ea7fc1551d83a2e92","url":"/api/auth/login"}
{"browser":"Chrome","deviceType":"desktop","duration":"30ms","level":"info","message":"API Request","method":"POST","os":"Windows","span_id":"fc40312ba191d19e","status":404,"timestamp":"2026-05-20T09:45:45.668Z","trace_flags":"01","trace_id":"f918a7499715679f58ee326d9b654aa9","url":"/api/auth/login"}
{"browser":"Chrome","deviceType":"desktop","duration":"0ms","level":"info","message":"API Request","method":"OPTIONS","os":"Windows","span_id":"6561533d694861b9","status":204,"timestamp":"2026-05-20T09:46:19.466Z","trace_flags":"01","trace_id":"dd4017a2739e478ffddb10a62ae5c349","url":"/api/auth/login"}
{"browser":"Chrome","deviceType":"desktop","duration":"246ms","level":"info","message":"API Request","method":"POST","os":"Windows","span_id":"d7b62cbcb43b04da","status":200,"timestamp":"2026-05-20T09:46:19.716Z","trace_flags":"01","trace_id":"d7f4b368ae803d9ae295f14a48c70c53","url":"/api/auth/login"}
{"browser":"Chrome","deviceType":"desktop","duration":"2ms","level":"info","message":"API Request","method":"GET","os":"Windows","span_id":"db985144e9bc24b9","status":200,"timestamp":"2026-05-20T09:46:19.731Z","trace_flags":"01","trace_id":"7ca2cc9dddc940911e43157ec6bb760a","url":"/api/auth/me"}
{"browser":"Chrome","deviceType":"desktop","duration":"2ms","level":"info","message":"API Request","method":"GET","os":"Windows","span_id":"cbf07d21a5faf7a6","status":304,"timestamp":"2026-05-20T09:46:19.736Z","trace_flags":"01","trace_id":"9fa203e33d0ebe0e0504bf4f8596df7b","url":"/api/auth/me"}
{"browser":"Chrome","deviceType":"desktop","duration":"2ms","level":"info","message":"API Request","method":"GET","os":"Windows","span_id":"6cf09945760fc0ed","status":304,"timestamp":"2026-05-20T09:46:51.366Z","trace_flags":"01","trace_id":"161b34193e910ebd30be9e30ba961b69","url":"/api/auth/me"}
{"browser":"Chrome","deviceType":"desktop","duration":"1ms","level":"info","message":"API Request","method":"GET","os":"Windows","span_id":"bac8a83006d98842","status":401,"timestamp":"2026-05-20T09:46:54.769Z","trace_flags":"01","trace_id":"cb2f32eec4a1b412edca51c4d03c15f2","url":"/api/portfolio"}
{"browser":"Chrome","deviceType":"desktop","duration":"2ms","level":"info","message":"API Request","method":"GET","os":"Windows","span_id":"251a1000a5b73077","status":401,"timestamp":"2026-05-20T09:46:54.773Z","trace_flags":"01","trace_id":"39ad697256662594924941fb5786b127","url":"/api/portfolio"}
{"browser":"Chrome","deviceType":"desktop","duration":"14ms","level":"info","message":"API Request","method":"GET","os":"Windows","span_id":"8246994646b3857f","status":304,"timestamp":"2026-05-20T09:47:19.469Z","trace_flags":"01","trace_id":"044931813e564ef9bd3a610e6f3061d8","url":"/api/auth/me"}
{"browser":"Chrome","deviceType":"desktop","duration":"3ms","level":"info","message":"API Request","method":"GET","os":"Windows","span_id":"949dfca71f838da4","status":401,"timestamp":"2026-05-20T09:47:19.510Z","trace_flags":"01","trace_id":"ae38344a315dd50179edddcd178e72be","url":"/api/portfolio"}
{"browser":"Chrome","deviceType":"desktop","duration":"2ms","level":"info","message":"API Request","method":"GET","os":"Windows","span_id":"072df6138b0303e4","status":401,"timestamp":"2026-05-20T09:47:19.517Z","trace_flags":"01","trace_id":"fdb5d0e318252cdd942530e3b44f0070","url":"/api/portfolio"}
{"browser":"Chrome","deviceType":"desktop","duration":"5ms","level":"info","message":"API Request","method":"GET","os":"Windows","span_id":"a03778f01dbf007f","status":304,"timestamp":"2026-05-20T09:47:20.521Z","trace_flags":"01","trace_id":"9234ae5f4bbc47883bbc6bc4f737890e","url":"/api/auth/me"}
{"browser":"Chrome","deviceType":"desktop","duration":"2ms","level":"info","message":"API Request","method":"GET","os":"Windows","span_id":"eef8ff3d65c9a8ac","status":401,"timestamp":"2026-05-20T09:47:20.551Z","trace_flags":"01","trace_id":"7adfd9e3e10763fc53e67f9071f51d86","url":"/api/portfolio"}
{"browser":"Chrome","deviceType":"desktop","duration":"2ms","level":"info","message":"API Request","method":"GET","os":"Windows","span_id":"b98433d7c5fce48e","status":401,"timestamp":"2026-05-20T09:47:20.557Z","trace_flags":"01","trace_id":"7f8ec60711db4f57b37a97baad38a61f","url":"/api/portfolio"}
{"browser":"Chrome","deviceType":"desktop","duration":"4ms","level":"info","message":"API Request","method":"GET","os":"Windows","span_id":"37df2ef583f33b2d","status":304,"timestamp":"2026-05-20T09:47:21.355Z","trace_flags":"01","trace_id":"a1ba7e2bd1ce0fe735e3d28bd4c40861","url":"/api/auth/me"}
{"browser":"Chrome","deviceType":"desktop","duration":"3ms","level":"info","message":"API Request","method":"GET","os":"Windows","span_id":"95022c255dcdd0b0","status":304,"timestamp":"2026-05-20T09:47:21.487Z","trace_flags":"01","trace_id":"6ee5c34c091a94742ddb4294144df661","url":"/api/auth/me"}
{"browser":"Chrome","deviceType":"desktop","duration":"2ms","level":"info","message":"API Request","method":"GET","os":"Windows","span_id":"894ff9e198ae6cf5","status":401,"timestamp":"2026-05-20T09:47:21.513Z","trace_flags":"01","trace_id":"2ae2f2766fa363bbc8aa491b52986beb","url":"/api/portfolio"}
{"browser":"Chrome","deviceType":"desktop","duration":"2ms","level":"info","message":"API Request","method":"GET","os":"Windows","span_id":"f75f0bfd46a4a1a8","status":401,"timestamp":"2026-05-20T09:47:21.522Z","trace_flags":"01","trace_id":"a0d792221408fbe4a86f9c396aa2efad","url":"/api/portfolio"}
{"browser":"Chrome","deviceType":"desktop","duration":"2ms","level":"info","message":"API Request","method":"GET","os":"Windows","span_id":"d6fdcde9b5775e83","status":304,"timestamp":"2026-05-20T09:47:21.651Z","trace_flags":"01","trace_id":"286d3297e7b52ef52af1efca0bc4e78d","url":"/api/auth/me"}
{"browser":"Chrome","deviceType":"desktop","duration":"1ms","level":"info","message":"API Request","method":"GET","os":"Windows","span_id":"395d0afb3992ad99","status":401,"timestamp":"2026-05-20T09:47:21.694Z","trace_flags":"01","trace_id":"e7dd37cebf28ccc2a63971fd9e73e70e","url":"/api/portfolio"}
{"browser":"Chrome","deviceType":"desktop","duration":"1ms","level":"info","message":"API Request","method":"GET","os":"Windows","span_id":"3a986ff3a109c446","status":401,"timestamp":"2026-05-20T09:47:21.700Z","trace_flags":"01","trace_id":"f35182d10950fcb6f198f217ab05f0a7","url":"/api/portfolio"}
{"browser":"Chrome","deviceType":"desktop","duration":"2ms","level":"info","message":"API Request","method":"GET","os":"Windows","span_id":"25ad4a8e33e82bdc","status":304,"timestamp":"2026-05-20T09:47:21.841Z","trace_flags":"01","trace_id":"591d6c9e899a9bc64dff2d3a3b8a9dff","url":"/api/auth/me"}
{"browser":"Chrome","deviceType":"desktop","duration":"1ms","level":"info","message":"API Request","method":"GET","os":"Windows","span_id":"791bbb265521a9ec","status":401,"timestamp":"2026-05-20T09:47:21.872Z","trace_flags":"01","trace_id":"f4e10bb1708609a2bfe83a77526d413a","url":"/api/portfolio"}
{"browser":"Chrome","deviceType":"desktop","duration":"1ms","level":"info","message":"API Request","method":"GET","os":"Windows","span_id":"ab5c4a967650931a","status":401,"timestamp":"2026-05-20T09:47:21.878Z","trace_flags":"01","trace_id":"d094ac1b5a099ff92b1c4343267164ae","url":"/api/portfolio"}
{"browser":"Chrome","deviceType":"desktop","duration":"2ms","level":"info","message":"API Request","method":"GET","os":"Windows","span_id":"ed700b463a7c8e6a","status":304,"timestamp":"2026-05-20T09:47:22.030Z","trace_flags":"01","trace_id":"46617322775b1a16be883b1f97e4e2bc","url":"/api/auth/me"}
{"browser":"Chrome","deviceType":"desktop","duration":"1ms","level":"info","message":"API Request","method":"GET","os":"Windows","span_id":"6f4965b5576369cc","status":401,"timestamp":"2026-05-20T09:47:22.067Z","trace_flags":"01","trace_id":"783062801c1000661b3782fe53a2fca9","url":"/api/portfolio"}
{"browser":"Chrome","deviceType":"desktop","duration":"2ms","level":"info","message":"API Request","method":"GET","os":"Windows","span_id":"20bbd4d201219f5b","status":401,"timestamp":"2026-05-20T09:47:22.072Z","trace_flags":"01","trace_id":"ccf9b7dabf8e1ee4926f05c231815438","url":"/api/portfolio"}
{"browser":"Chrome","deviceType":"desktop","duration":"2ms","level":"info","message":"API Request","method":"GET","os":"Windows","span_id":"bf970f64a20cf2e2","status":304,"timestamp":"2026-05-20T09:47:22.265Z","trace_flags":"01","trace_id":"e44ecff3db8190ad3d6f2f0de9b1a41e","url":"/api/auth/me"}
{"browser":"Chrome","deviceType":"desktop","duration":"1ms","level":"info","message":"API Request","method":"GET","os":"Windows","span_id":"c4562d5d9a272eee","status":401,"timestamp":"2026-05-20T09:47:22.297Z","trace_flags":"01","trace_id":"04c806b552a44b98514c2a0e14d5d82e","url":"/api/portfolio"}
{"browser":"Chrome","deviceType":"desktop","duration":"1ms","level":"info","message":"API Request","method":"GET","os":"Windows","span_id":"56c518f498924769","status":401,"timestamp":"2026-05-20T09:47:22.301Z","trace_flags":"01","trace_id":"e31b5a5a5cc0c84e327de51bff3c6723","url":"/api/portfolio"}
{"browser":"Chrome","deviceType":"desktop","duration":"3ms","level":"info","message":"API Request","method":"GET","os":"Windows","span_id":"f8e0d8d2b2059d8a","status":304,"timestamp":"2026-05-20T09:47:22.888Z","trace_flags":"01","trace_id":"5f531a2ba49e82935da9614ce1511030","url":"/api/auth/me"}
{"browser":"Chrome","deviceType":"desktop","duration":"2ms","level":"info","message":"API Request","method":"GET","os":"Windows","span_id":"eafc1a5a0d4fcb95","status":401,"timestamp":"2026-05-20T09:47:22.922Z","trace_flags":"01","trace_id":"29b5d79c5d75baf3d90ee75b2ecbef55","url":"/api/portfolio"}
{"browser":"Chrome","deviceType":"desktop","duration":"2ms","level":"info","message":"API Request","method":"GET","os":"Windows","span_id":"e027b5c1aca1b9ec","status":401,"timestamp":"2026-05-20T09:47:22.928Z","trace_flags":"01","trace_id":"0be52e8e57cdfbe16a50246cf5b83390","url":"/api/portfolio"}
{"browser":"Chrome","deviceType":"desktop","duration":"3ms","level":"info","message":"API Request","method":"GET","os":"Windows","span_id":"c47139519701a879","status":401,"timestamp":"2026-05-20T09:47:24.401Z","trace_flags":"01","trace_id":"ed0a4f7c60060834bc879067f3c15691","url":"/api/portfolio"}
{"browser":"Chrome","deviceType":"desktop","duration":"2ms","level":"info","message":"API Request","method":"GET","os":"Windows","span_id":"dcc2bb16642d98d8","status":401,"timestamp":"2026-05-20T09:47:24.407Z","trace_flags":"01","trace_id":"d90bbac323d3ab3d2866eda52e3cda4b","url":"/api/portfolio"}
{"browser":"Chrome","deviceType":"desktop","duration":"1ms","level":"info","message":"API Request","method":"GET","os":"Windows","span_id":"f89d09045d0df514","status":401,"timestamp":"2026-05-20T09:47:25.725Z","trace_flags":"01","trace_id":"f6e93ea62711f719d253b40702d691ef","url":"/api/portfolio"}
{"browser":"Chrome","deviceType":"desktop","duration":"2ms","level":"info","message":"API Request","method":"GET","os":"Windows","span_id":"1329b03cb0fd4076","status":401,"timestamp":"2026-05-20T09:47:25.729Z","trace_flags":"01","trace_id":"cbdcf0d0142dacdedbb88a08b26a42fb","url":"/api/portfolio"}
{"browser":"Chrome","deviceType":"desktop","duration":"1ms","level":"info","message":"API Request","method":"GET","os":"Windows","span_id":"1b8b0d55f8cca25c","status":401,"timestamp":"2026-05-20T09:47:27.099Z","trace_flags":"01","trace_id":"4c44d55e5da246f85f4396d9b921fd77","url":"/api/portfolio"}
{"browser":"Chrome","deviceType":"desktop","duration":"1ms","level":"info","message":"API Request","method":"GET","os":"Windows","span_id":"5bb0a1f2b0ca9d1c","status":401,"timestamp":"2026-05-20T09:47:27.105Z","trace_flags":"01","trace_id":"e5589a1c9784a184f9d1fd167a754628","url":"/api/portfolio"}
{"browser":"Chrome","deviceType":"desktop","duration":"1ms","level":"info","message":"API Request","method":"GET","os":"Windows","span_id":"94f16ac070ac44bb","status":401,"timestamp":"2026-05-20T09:47:28.668Z","trace_flags":"01","trace_id":"4a27775c64bb64bc454224d7dd551ff9","url":"/api/portfolio"}
{"browser":"Chrome","deviceType":"desktop","duration":"1ms","level":"info","message":"API Request","method":"GET","os":"Windows","span_id":"9eef05c3545634de","status":401,"timestamp":"2026-05-20T09:47:28.671Z","trace_flags":"01","trace_id":"b7924efafbc0ec30e694d3553df2a641","url":"/api/portfolio"}
{"browser":"Chrome","deviceType":"desktop","duration":"3ms","level":"info","message":"API Request","method":"GET","os":"Windows","span_id":"574d64b233f06742","status":304,"timestamp":"2026-05-20T09:47:35.644Z","trace_flags":"01","trace_id":"c0919f483adbe39351b40d57b3932db1","url":"/api/auth/me"}
{"browser":"Chrome","deviceType":"desktop","duration":"1ms","level":"info","message":"API Request","method":"GET","os":"Windows","span_id":"f3baf77451bf4cce","status":304,"timestamp":"2026-05-20T09:47:35.649Z","trace_flags":"01","trace_id":"0850d754096bc8a16bfdbed58ee7e7d8","url":"/api/auth/me"}
{"browser":"Chrome","deviceType":"desktop","duration":"2ms","level":"info","message":"API Request","method":"GET","os":"Windows","span_id":"c2b2479e4f5063e8","status":304,"timestamp":"2026-05-20T09:47:56.890Z","trace_flags":"01","trace_id":"3c1a91637dee521dbf9dcb627e0a3ec0","url":"/api/auth/me"}
{"browser":"Chrome","deviceType":"desktop","duration":"1ms","level":"info","message":"API Request","method":"GET","os":"Windows","span_id":"214e82abc330d052","status":304,"timestamp":"2026-05-20T09:47:56.895Z","trace_flags":"01","trace_id":"88892cd555ec123c383105ca09549ac9","url":"/api/auth/me"}
{"browser":"Chrome","deviceType":"desktop","duration":"0ms","level":"info","message":"API Request","method":"GET","os":"Windows","span_id":"d95c3ad612fdca8a","status":401,"timestamp":"2026-05-20T09:47:58.355Z","trace_flags":"01","trace_id":"3f514be9e0cc719a9346c299e9609b35","url":"/api/portfolio"}
{"browser":"Chrome","deviceType":"desktop","duration":"1ms","level":"info","message":"API Request","method":"GET","os":"Windows","span_id":"611b7ddbe519c8c4","status":401,"timestamp":"2026-05-20T09:47:58.360Z","trace_flags":"01","trace_id":"4821b398ad3b680087c24ac545d77ede","url":"/api/portfolio"}
{"browser":"Chrome","deviceType":"desktop","duration":"2ms","level":"info","message":"API Request","method":"GET","os":"Windows","span_id":"0632d67944f4bec9","status":304,"timestamp":"2026-05-20T09:48:01.878Z","trace_flags":"01","trace_id":"9167a9a7088639baaf2e046da1f3b80c","url":"/api/auth/me"}
{"browser":"Chrome","deviceType":"desktop","duration":"1ms","level":"info","message":"API Request","method":"GET","os":"Windows","span_id":"4d926ba052dd4324","status":401,"timestamp":"2026-05-20T09:48:01.909Z","trace_flags":"01","trace_id":"33411658bba173b48bed4406a5b3992b","url":"/api/portfolio"}
{"browser":"Chrome","deviceType":"desktop","duration":"2ms","level":"info","message":"API Request","method":"GET","os":"Windows","span_id":"2cada0ef40bbe60e","status":401,"timestamp":"2026-05-20T09:48:01.914Z","trace_flags":"01","trace_id":"a54cf39223015f8d1e6d7330ecf03ba3","url":"/api/portfolio"}
{"browser":"Chrome","deviceType":"desktop","duration":"3ms","level":"info","message":"API Request","method":"GET","os":"Windows","span_id":"fa790c9e97b97617","status":304,"timestamp":"2026-05-20T09:48:02.703Z","trace_flags":"01","trace_id":"de787967a750fdddf4ec851b94fb238e","url":"/api/auth/me"}
{"browser":"Chrome","deviceType":"desktop","duration":"1ms","level":"info","message":"API Request","method":"GET","os":"Windows","span_id":"391cb4d4d10186a3","status":401,"timestamp":"2026-05-20T09:48:02.741Z","trace_flags":"01","trace_id":"d9521c62ae97634d2c7076b70347f503","url":"/api/portfolio"}
{"browser":"Chrome","deviceType":"desktop","duration":"11ms","level":"info","message":"API Request","method":"GET","os":"Windows","span_id":"e93082aec9e5b1f9","status":401,"timestamp":"2026-05-20T09:48:02.757Z","trace_flags":"01","trace_id":"4ac2ced4fdbc40fd8ac0247b26b692a3","url":"/api/portfolio"}
{"browser":"Chrome","deviceType":"desktop","duration":"2ms","level":"info","message":"API Request","method":"GET","os":"Windows","span_id":"8c99bf181daf2826","status":304,"timestamp":"2026-05-20T09:48:02.866Z","trace_flags":"01","trace_id":"16e1c50fdc7b99ae010b17977f60fd44","url":"/api/auth/me"}
{"browser":"Chrome","deviceType":"desktop","duration":"1ms","level":"info","message":"API Request","method":"GET","os":"Windows","span_id":"b6508c847793a89b","status":401,"timestamp":"2026-05-20T09:48:02.902Z","trace_flags":"01","trace_id":"dbe3c834ae277a04b42799837a676ac0","url":"/api/portfolio"}
{"browser":"Chrome","deviceType":"desktop","duration":"2ms","level":"info","message":"API Request","method":"GET","os":"Windows","span_id":"9c7a1d7efa26f89b","status":401,"timestamp":"2026-05-20T09:48:02.908Z","trace_flags":"01","trace_id":"00f4eecd2180d7b6d63e45ee7e3ddd13","url":"/api/portfolio"}
{"browser":"Chrome","deviceType":"desktop","duration":"3ms","level":"info","message":"API Request","method":"GET","os":"Windows","span_id":"d78ece6438a4c191","status":304,"timestamp":"2026-05-20T09:48:03.049Z","trace_flags":"01","trace_id":"2b309b8857b1da8880f1fbf8f8ad445f","url":"/api/auth/me"}
{"browser":"Chrome","deviceType":"desktop","duration":"2ms","level":"info","message":"API Request","method":"GET","os":"Windows","span_id":"96e732df8e411cbb","status":401,"timestamp":"2026-05-20T09:48:03.070Z","trace_flags":"01","trace_id":"f7587ddf4408c67a7d0d399c6f92daad","url":"/api/portfolio"}
{"browser":"Chrome","deviceType":"desktop","duration":"1ms","level":"info","message":"API Request","method":"GET","os":"Windows","span_id":"601ca2df7e242f43","status":401,"timestamp":"2026-05-20T09:48:03.074Z","trace_flags":"01","trace_id":"ccd947a5a5497c2fa7e00a0a7978c64f","url":"/api/portfolio"}
{"browser":"Chrome","deviceType":"desktop","duration":"1ms","level":"info","message":"API Request","method":"GET","os":"Windows","span_id":"ec5c5d712c51888d","status":401,"timestamp":"2026-05-20T09:48:43.909Z","trace_flags":"01","trace_id":"41200702febe1727f76ea4912cc03e4a","url":"/api/auth/me"}
{"browser":"Chrome","deviceType":"desktop","duration":"1ms","level":"info","message":"API Request","method":"GET","os":"Windows","span_id":"0553ef4afa9e1895","status":401,"timestamp":"2026-05-20T09:48:51.762Z","trace_flags":"01","trace_id":"148c53d6125617f81e71a4317241fefc","url":"/api/auth/me"}
{"browser":"Chrome","deviceType":"desktop","duration":"1ms","level":"info","message":"API Request","method":"GET","os":"Windows","span_id":"d2758cd7f56dc22a","status":401,"timestamp":"2026-05-20T09:48:54.289Z","trace_flags":"01","trace_id":"0e16e252faa860038cfbbaf09b2697da","url":"/api/auth/me"}
{"browser":"Chrome","deviceType":"desktop","duration":"2ms","level":"info","message":"API Request","method":"GET","os":"Windows","span_id":"4a16fb285925d173","status":401,"timestamp":"2026-05-20T09:48:54.293Z","trace_flags":"01","trace_id":"3051f446087f9ac28be4b967321d2763","url":"/api/auth/me"}
{"browser":"Chrome","deviceType":"desktop","duration":"2ms","level":"info","message":"API Request","method":"OPTIONS","os":"Windows","span_id":"0bc7028e95360595","status":204,"timestamp":"2026-05-20T09:49:22.144Z","trace_flags":"01","trace_id":"26f0c770eeb4a6ba6286975548f37189","url":"/api/auth/login"}
{"browser":"Chrome","deviceType":"desktop","duration":"272ms","level":"info","message":"API Request","method":"POST","os":"Windows","span_id":"a6274492f0676b4e","status":200,"timestamp":"2026-05-20T09:49:22.478Z","trace_flags":"01","trace_id":"6f05ec720cab5727fe46b73b8dc9b8fe","url":"/api/auth/login"}
{"browser":"Chrome","deviceType":"desktop","duration":"3ms","level":"info","message":"API Request","method":"GET","os":"Windows","span_id":"43aed559e56f4f3e","status":304,"timestamp":"2026-05-20T09:49:22.494Z","trace_flags":"01","trace_id":"b3388e2b98bad79d13a8f870e154a4d4","url":"/api/auth/me"}
{"browser":"Chrome","deviceType":"desktop","duration":"2ms","level":"info","message":"API Request","method":"GET","os":"Windows","span_id":"3827811407ee568d","status":304,"timestamp":"2026-05-20T09:49:22.499Z","trace_flags":"01","trace_id":"c71fa7f127748fcffc9af839ffd9f448","url":"/api/auth/me"}
{"browser":"Chrome","deviceType":"desktop","duration":"236ms","level":"info","message":"API Request","method":"POST","os":"Windows","span_id":"d67355f637ef95e3","status":200,"timestamp":"2026-05-20T09:49:22.592Z","trace_flags":"01","trace_id":"96d993629a61d5667be002ee94e50cea","url":"/api/auth/login"}
{"browser":"Chrome","deviceType":"desktop","duration":"2ms","level":"info","message":"API Request","method":"GET","os":"Windows","span_id":"bf08f1f9427fb11b","status":304,"timestamp":"2026-05-20T09:49:30.337Z","trace_flags":"01","trace_id":"bf90de852e17e5a7684c21f3e425dd44","url":"/api/auth/me"}
{"browser":"Chrome","deviceType":"desktop","duration":"2ms","level":"info","message":"API Request","method":"GET","os":"Windows","span_id":"7c2bf596cae822cc","status":304,"timestamp":"2026-05-20T09:49:30.343Z","trace_flags":"01","trace_id":"9206e8494b120a2786dc3abfcbd0de0c","url":"/api/auth/me"}
{"browser":"Chrome","deviceType":"desktop","duration":"1ms","level":"info","message":"API Request","method":"GET","os":"Windows","span_id":"94b46cf66e068cf0","status":401,"timestamp":"2026-05-20T09:49:32.063Z","trace_flags":"01","trace_id":"9d3638cf4e30f37af43e6e4ed2923cd1","url":"/api/portfolio"}
{"browser":"Chrome","deviceType":"desktop","duration":"1ms","level":"info","message":"API Request","method":"GET","os":"Windows","span_id":"503c3df4651499ec","status":401,"timestamp":"2026-05-20T09:49:32.067Z","trace_flags":"01","trace_id":"3f227414873135ba005965706fa4edd1","url":"/api/portfolio"}
{"browser":"Chrome","deviceType":"desktop","duration":"1ms","level":"info","message":"API Request","method":"GET","os":"Windows","span_id":"4d9d44cb04bcae20","status":401,"timestamp":"2026-05-20T09:49:33.185Z","trace_flags":"01","trace_id":"980975a2bfa8ee462b6e4fa8eaf89fbc","url":"/api/portfolio"}
{"browser":"Chrome","deviceType":"desktop","duration":"2ms","level":"info","message":"API Request","method":"GET","os":"Windows","span_id":"9fb435be3547cd9e","status":401,"timestamp":"2026-05-20T09:49:33.192Z","trace_flags":"01","trace_id":"703487b537b6a8e55f4b5431b39415b6","url":"/api/portfolio"}
{"browser":"Chrome","deviceType":"desktop","duration":"1ms","level":"info","message":"API Request","method":"GET","os":"Windows","span_id":"0cde9b0d2fa31752","status":401,"timestamp":"2026-05-20T09:49:34.217Z","trace_flags":"01","trace_id":"580732f64afdd47a56494889f3c9b9de","url":"/api/portfolio"}
{"browser":"Chrome","deviceType":"desktop","duration":"1ms","level":"info","message":"API Request","method":"GET","os":"Windows","span_id":"8044fffb62697937","status":401,"timestamp":"2026-05-20T09:49:34.221Z","trace_flags":"01","trace_id":"ce350458511f03fa42ef7bbbc55f6fad","url":"/api/portfolio"}
{"browser":"Chrome","deviceType":"desktop","duration":"1ms","level":"info","message":"API Request","method":"GET","os":"Windows","span_id":"222126594d8d8a48","status":401,"timestamp":"2026-05-20T09:49:35.311Z","trace_flags":"01","trace_id":"93f0a7f819f1b39fd4a2fa27baea12ef","url":"/api/portfolio"}
{"browser":"Chrome","deviceType":"desktop","duration":"1ms","level":"info","message":"API Request","method":"GET","os":"Windows","span_id":"a5a49635c18e27f8","status":401,"timestamp":"2026-05-20T09:49:35.315Z","trace_flags":"01","trace_id":"96eacde5972dc380000c520396b38a03","url":"/api/portfolio"}
{"browser":"Chrome","deviceType":"desktop","duration":"1ms","level":"info","message":"API Request","method":"GET","os":"Windows","span_id":"9ff9c6a3bf826c80","status":401,"timestamp":"2026-05-20T09:51:24.384Z","trace_flags":"01","trace_id":"e46f67881d3ed88d191891c0ae97e355","url":"/api/auth/me"}
{"browser":"Chrome","deviceType":"desktop","duration":"1ms","level":"info","message":"API Request","method":"GET","os":"Windows","span_id":"402a1b2066ee46a6","status":401,"timestamp":"2026-05-20T09:51:28.370Z","trace_flags":"01","trace_id":"94057565a3ceeea2535640c9e54e762b","url":"/api/auth/me"}
{"browser":"Chrome","deviceType":"desktop","duration":"2ms","level":"info","message":"API Request","method":"GET","os":"Windows","span_id":"dbe0869342072d3d","status":401,"timestamp":"2026-05-20T09:51:28.375Z","trace_flags":"01","trace_id":"5c94fd8afb7e11cb5b524bf9612fb582","url":"/api/auth/me"}
{"browser":"Chrome","deviceType":"desktop","duration":"1ms","level":"info","message":"API Request","method":"GET","os":"Windows","span_id":"340928c39fc71d13","status":401,"timestamp":"2026-05-20T09:51:28.915Z","trace_flags":"01","trace_id":"31de653459f30def4998ec435c138498","url":"/api/portfolio"}
{"browser":"Chrome","deviceType":"desktop","duration":"0ms","level":"info","message":"API Request","method":"GET","os":"Windows","span_id":"91d72fbcdc78a0ec","status":401,"timestamp":"2026-05-20T09:51:28.919Z","trace_flags":"01","trace_id":"be738de7040266ccccff60ed692a7943","url":"/api/portfolio"}
{"browser":"Chrome","deviceType":"desktop","duration":"1ms","level":"info","message":"API Request","method":"GET","os":"Windows","span_id":"5b946eb87db88fb3","status":401,"timestamp":"2026-05-20T09:51:29.139Z","trace_flags":"01","trace_id":"a1eddd3b5c1e5ac3dd7d82418769100c","url":"/api/portfolio"}
{"browser":"Chrome","deviceType":"desktop","duration":"0ms","level":"info","message":"API Request","method":"GET","os":"Windows","span_id":"fce2e50f4ce8aa96","status":401,"timestamp":"2026-05-20T09:51:29.142Z","trace_flags":"01","trace_id":"8278186484dbca94089e581c14ae2331","url":"/api/portfolio"}
{"browser":"Chrome","deviceType":"desktop","duration":"1ms","level":"info","message":"API Request","method":"GET","os":"Windows","span_id":"c47a03cc0b7792ef","status":401,"timestamp":"2026-05-20T09:51:30.191Z","trace_flags":"01","trace_id":"f229ae7a55c30959fde1b4b4f2b1a6b5","url":"/api/portfolio"}
{"browser":"Chrome","deviceType":"desktop","duration":"1ms","level":"info","message":"API Request","method":"GET","os":"Windows","span_id":"b4921b43a8d1145d","status":401,"timestamp":"2026-05-20T09:51:30.195Z","trace_flags":"01","trace_id":"dada9b8da4dac3ad19ebd2cfbec74a07","url":"/api/portfolio"}
{"browser":"Chrome","deviceType":"desktop","duration":"1ms","level":"info","message":"API Request","method":"GET","os":"Windows","span_id":"5b93825449ea0a0c","status":401,"timestamp":"2026-05-20T09:52:20.140Z","trace_flags":"01","trace_id":"8224ab2065a3575c682b751f26c7c456","url":"/api/portfolio"}
{"browser":"Chrome","deviceType":"desktop","duration":"2ms","level":"info","message":"API Request","method":"GET","os":"Windows","span_id":"718abd07de48f821","status":401,"timestamp":"2026-05-20T09:52:21.012Z","trace_flags":"01","trace_id":"f05782bf1029ae7cb8b184b1841ebe59","url":"/api/portfolio"}
{"browser":"Chrome","deviceType":"desktop","duration":"1ms","level":"info","message":"API Request","method":"GET","os":"Windows","span_id":"7d37dfd2e9ca0e33","status":401,"timestamp":"2026-05-20T09:52:21.238Z","trace_flags":"01","trace_id":"7e6fbdd5dcab989683658443b51797d5","url":"/api/portfolio"}
{"browser":"Chrome","deviceType":"desktop","duration":"2ms","level":"info","message":"API Request","method":"GET","os":"Windows","span_id":"448a76556e424fad","status":401,"timestamp":"2026-05-20T09:52:21.391Z","trace_flags":"01","trace_id":"38dfae24cd2dcd3745bf1360e1cb76d2","url":"/api/portfolio"}
{"browser":"Chrome","deviceType":"desktop","duration":"1ms","level":"info","message":"API Request","method":"GET","os":"Windows","span_id":"60fdd936e5a63666","status":401,"timestamp":"2026-05-20T09:52:21.601Z","trace_flags":"01","trace_id":"6a0263dee4daaed6b4907a74a34415e6","url":"/api/portfolio"}
{"browser":"Chrome","deviceType":"desktop","duration":"1ms","level":"info","message":"API Request","method":"GET","os":"Windows","span_id":"e565fa9bef56ee70","status":401,"timestamp":"2026-05-20T09:52:21.925Z","trace_flags":"01","trace_id":"d762e9bafd75058a6ead7e89789139d6","url":"/api/portfolio"}
{"browser":"Chrome","deviceType":"desktop","duration":"1ms","level":"info","message":"API Request","method":"GET","os":"Windows","span_id":"f385e6c07082da43","status":401,"timestamp":"2026-05-20T09:52:22.256Z","trace_flags":"01","trace_id":"6c776bde6ed71ee41c1abc3dd82d8b55","url":"/api/portfolio"}
{"browser":"Chrome","deviceType":"desktop","duration":"1ms","level":"info","message":"API Request","method":"GET","os":"Windows","span_id":"adbf117e1d79fc1a","status":401,"timestamp":"2026-05-20T09:52:22.407Z","trace_flags":"01","trace_id":"c7990cee19a9a98657ddaf139c8deba5","url":"/api/portfolio"}
{"browser":"Chrome","deviceType":"desktop","duration":"1ms","level":"info","message":"API Request","method":"GET","os":"Windows","span_id":"c0040ec131b8d333","status":401,"timestamp":"2026-05-20T09:52:22.626Z","trace_flags":"01","trace_id":"beb0029ef7d5d8f107e3549d013a67e2","url":"/api/portfolio"}
{"browser":"Chrome","deviceType":"desktop","duration":"1ms","level":"info","message":"API Request","method":"GET","os":"Windows","span_id":"01f1c29f1d385170","status":401,"timestamp":"2026-05-20T09:52:22.752Z","trace_flags":"01","trace_id":"ed69b7e311eaa5c3bb42f08fa93b7407","url":"/api/portfolio"}
{"browser":"Chrome","deviceType":"desktop","duration":"1ms","level":"info","message":"API Request","method":"GET","os":"Windows","span_id":"b8a1343a54140fbe","status":401,"timestamp":"2026-05-20T09:52:22.885Z","trace_flags":"01","trace_id":"e5069a13c6b51ceffbbd77b0af085324","url":"/api/portfolio"}
{"browser":"Chrome","deviceType":"desktop","duration":"1ms","level":"info","message":"API Request","method":"GET","os":"Windows","span_id":"fb52bebef145e5a4","status":401,"timestamp":"2026-05-20T09:52:23.096Z","trace_flags":"01","trace_id":"b37257726dac085f36d775d0e56caf7c","url":"/api/portfolio"}
{"browser":"Chrome","deviceType":"desktop","duration":"1ms","level":"info","message":"API Request","method":"GET","os":"Windows","span_id":"b55b64d06c57e652","status":401,"timestamp":"2026-05-20T09:52:23.320Z","trace_flags":"01","trace_id":"accb02eb4dcb751ad2cbac676473cbf6","url":"/api/portfolio"}
{"browser":"Chrome","deviceType":"desktop","duration":"14ms","level":"info","message":"API Request","method":"GET","os":"Windows","span_id":"9cb96297a598add5","status":401,"timestamp":"2026-05-20T09:52:23.652Z","trace_flags":"01","trace_id":"a3ea7f357d77c2f6190eb18fa9b4b79b","url":"/api/portfolio"}
{"browser":"Chrome","deviceType":"desktop","duration":"1ms","level":"info","message":"API Request","method":"GET","os":"Windows","span_id":"e5df7a076be6fa80","status":401,"timestamp":"2026-05-20T09:52:23.844Z","trace_flags":"01","trace_id":"2e138540740c1e6342d6783176713481","url":"/api/portfolio"}
{"browser":"Chrome","deviceType":"desktop","duration":"0ms","level":"info","message":"API Request","method":"GET","os":"Windows","span_id":"edd7883fa3155177","status":401,"timestamp":"2026-05-20T09:52:24.096Z","trace_flags":"01","trace_id":"6d8f1a46a57884d7e00e56519a21bfbe","url":"/api/portfolio"}
{"browser":"Chrome","deviceType":"desktop","duration":"1ms","level":"info","message":"API Request","method":"GET","os":"Windows","span_id":"ca1009e7f03fd85c","status":401,"timestamp":"2026-05-20T09:52:38.748Z","trace_flags":"01","trace_id":"fbafa3833533147dd86b182d396109a8","url":"/api/auth/me"}
{"browser":"Chrome","deviceType":"desktop","duration":"1ms","level":"info","message":"API Request","method":"GET","os":"Windows","span_id":"7a4c13163c2fbbeb","status":401,"timestamp":"2026-05-20T09:52:38.752Z","trace_flags":"01","trace_id":"d570df26178a05fd8d59d29fe2f596f0","url":"/api/auth/me"}
{"browser":"Chrome","deviceType":"desktop","duration":"1ms","level":"info","message":"API Request","method":"GET","os":"Windows","span_id":"6f821242c775b292","status":401,"timestamp":"2026-05-20T09:53:12.951Z","trace_flags":"01","trace_id":"1d41bf6b9257b290cdd670852ed672e2","url":"/api/auth/me"}
{"browser":"Chrome","deviceType":"desktop","duration":"1ms","level":"info","message":"API Request","method":"GET","os":"Windows","span_id":"0c5cb2726c1cdb89","status":401,"timestamp":"2026-05-20T09:53:16.694Z","trace_flags":"01","trace_id":"5b368a764f298af03fbb4e57fe6de91d","url":"/api/auth/me"}
{"browser":"Chrome","deviceType":"desktop","duration":"1ms","level":"info","message":"API Request","method":"OPTIONS","os":"Windows","span_id":"54a3cf50fd8e2b2f","status":204,"timestamp":"2026-05-20T09:54:29.912Z","trace_flags":"01","trace_id":"0d7e6148e58cd02ae4c5a418bb301c33","url":"/api/auth/login"}
{"browser":"Chrome","deviceType":"desktop","duration":"251ms","level":"info","message":"API Request","method":"POST","os":"Windows","span_id":"855df91f1efc0604","status":200,"timestamp":"2026-05-20T09:54:30.167Z","trace_flags":"01","trace_id":"e411acff63e95132e31686c99a6ed635","url":"/api/auth/login"}
{"browser":"Chrome","deviceType":"desktop","duration":"1ms","level":"info","message":"API Request","method":"GET","os":"Windows","span_id":"b11234a28902d7ef","status":304,"timestamp":"2026-05-20T09:54:30.182Z","trace_flags":"01","trace_id":"fea6cd8d4e7732736e8181bcf0c0cda0","url":"/api/auth/me"}
{"browser":"Chrome","deviceType":"desktop","duration":"2ms","level":"info","message":"API Request","method":"GET","os":"Windows","span_id":"fca29ade8431b084","status":304,"timestamp":"2026-05-20T09:54:30.189Z","trace_flags":"01","trace_id":"624dc63598547afc715e19167e906f2f","url":"/api/auth/me"}
{"browser":"Chrome","deviceType":"desktop","duration":"2ms","level":"info","message":"API Request","method":"GET","os":"Windows","span_id":"25a461de43e189f2","status":304,"timestamp":"2026-05-20T09:54:36.864Z","trace_flags":"01","trace_id":"704ff62c7cb6069eef7d4fc70e4b113b","url":"/api/auth/me"}
{"browser":"Chrome","deviceType":"desktop","duration":"3ms","level":"info","message":"API Request","method":"GET","os":"Windows","span_id":"76b78d631483a81d","status":304,"timestamp":"2026-05-20T09:54:36.869Z","trace_flags":"01","trace_id":"3c9554bdbfe1bf2f39a7cb751150252e","url":"/api/auth/me"}
{"browser":"Chrome","deviceType":"desktop","duration":"1ms","level":"info","message":"API Request","method":"GET","os":"Windows","span_id":"c4d63f33c89bf9d7","status":401,"timestamp":"2026-05-20T09:54:42.951Z","trace_flags":"01","trace_id":"82ba0d1d93efd3b3e401ebea25baa4a4","url":"/api/portfolio"}
{"browser":"Chrome","deviceType":"desktop","duration":"1ms","level":"info","message":"API Request","method":"GET","os":"Windows","span_id":"87b42ed3326d6eb9","status":401,"timestamp":"2026-05-20T09:54:42.956Z","trace_flags":"01","trace_id":"e18e96a81b6789910a0415e1ac69097a","url":"/api/portfolio"}
{"browser":"Chrome","deviceType":"desktop","duration":"1ms","level":"info","message":"API Request","method":"GET","os":"Windows","span_id":"785ec60a8cf58809","status":401,"timestamp":"2026-05-20T09:54:44.431Z","trace_flags":"01","trace_id":"8fa33af6aee0515b1fc5147df7ea1e8d","url":"/api/portfolio"}
{"browser":"Chrome","deviceType":"desktop","duration":"1ms","level":"info","message":"API Request","method":"GET","os":"Windows","span_id":"dbf284d57eeb6505","status":401,"timestamp":"2026-05-20T09:54:44.436Z","trace_flags":"01","trace_id":"684ef59aec5f9df593f94e2f16ac2cd2","url":"/api/portfolio"}
{"browser":"Chrome","deviceType":"desktop","duration":"1ms","level":"info","message":"API Request","method":"GET","os":"Windows","span_id":"756f9f658155c23f","status":401,"timestamp":"2026-05-20T09:54:45.475Z","trace_flags":"01","trace_id":"0b6843fea2e6b85199aa70600c0e546e","url":"/api/portfolio"}
{"browser":"Chrome","deviceType":"desktop","duration":"1ms","level":"info","message":"API Request","method":"GET","os":"Windows","span_id":"3825a73e3266de68","status":401,"timestamp":"2026-05-20T09:54:45.479Z","trace_flags":"01","trace_id":"c45f0f9c0a9033f91edc37a08aefa33d","url":"/api/portfolio"}
{"browser":"Chrome","deviceType":"desktop","duration":"1ms","level":"info","message":"API Request","method":"GET","os":"Windows","span_id":"255da2ba4867082b","status":401,"timestamp":"2026-05-20T09:55:12.136Z","trace_flags":"01","trace_id":"fa59872ee2efaea147bb08be12e1296f","url":"/api/portfolio"}
{"browser":"Chrome","deviceType":"desktop","duration":"1ms","level":"info","message":"API Request","method":"GET","os":"Windows","span_id":"4fb9234fc57d2777","status":401,"timestamp":"2026-05-20T09:55:12.140Z","trace_flags":"01","trace_id":"d09a7eb4b4ca196f02c990afd32480ca","url":"/api/portfolio"}
{"browser":"Chrome","deviceType":"desktop","duration":"1ms","level":"info","message":"API Request","method":"GET","os":"Windows","span_id":"99d3a3386e6ef6af","status":401,"timestamp":"2026-05-20T09:55:13.165Z","trace_flags":"01","trace_id":"a546b6a5fbaf8a617c02b645b70dd861","url":"/api/portfolio"}
{"browser":"Chrome","deviceType":"desktop","duration":"1ms","level":"info","message":"API Request","method":"GET","os":"Windows","span_id":"7033aef73d07aca1","status":401,"timestamp":"2026-05-20T09:55:13.169Z","trace_flags":"01","trace_id":"62439a5e38fd00cf22dc80f023013a72","url":"/api/portfolio"}
{"browser":"Chrome","deviceType":"desktop","duration":"2ms","level":"info","message":"API Request","method":"GET","os":"Windows","span_id":"b003295935f5a69d","status":401,"timestamp":"2026-05-20T09:58:48.677Z","trace_flags":"01","trace_id":"4feb47940f604cea2fdc36dec36fb9c7","url":"/api/auth/me"}
{"browser":"Chrome","deviceType":"desktop","duration":"2ms","level":"info","message":"API Request","method":"GET","os":"Windows","span_id":"4882a413bfb593c7","status":401,"timestamp":"2026-05-20T09:58:48.680Z","trace_flags":"01","trace_id":"01d005edd131b2de9bed4696b437dbfd","url":"/api/auth/me"}
{"browser":"Chrome","deviceType":"desktop","duration":"1ms","level":"info","message":"API Request","method":"GET","os":"Windows","span_id":"6ab1b67a7933f36b","status":401,"timestamp":"2026-05-20T09:58:53.116Z","trace_flags":"01","trace_id":"1c91b41e43302a4dcf3637216325d3de","url":"/api/auth/me"}
{"browser":"Chrome","deviceType":"desktop","duration":"0ms","level":"info","message":"API Request","method":"OPTIONS","os":"Windows","span_id":"e966c8e271c30476","status":204,"timestamp":"2026-05-20T09:59:07.529Z","trace_flags":"01","trace_id":"3766215f7b6f727bfef44165c382428c","url":"/api/auth/login"}
{"browser":"Chrome","deviceType":"desktop","duration":"241ms","level":"info","message":"API Request","method":"POST","os":"Windows","span_id":"702404866235e1a7","status":200,"timestamp":"2026-05-20T09:59:07.774Z","trace_flags":"01","trace_id":"fd97ffdf6675c7f343f1f9b0d2f6edee","url":"/api/auth/login"}
{"browser":"Chrome","deviceType":"desktop","duration":"2ms","level":"info","message":"API Request","method":"GET","os":"Windows","span_id":"bb3c207242789b7a","status":304,"timestamp":"2026-05-20T09:59:07.793Z","trace_flags":"01","trace_id":"e9d2722132d79b329c26c28e5b52cfeb","url":"/api/auth/me"}
{"browser":"Chrome","deviceType":"desktop","duration":"3ms","level":"info","message":"API Request","method":"GET","os":"Windows","span_id":"89c31d50ea54f308","status":304,"timestamp":"2026-05-20T09:59:07.798Z","trace_flags":"01","trace_id":"2e1c629b43bfc90fec45cb754a3c5dc0","url":"/api/auth/me"}
{"browser":"Chrome","deviceType":"desktop","duration":"2ms","level":"info","message":"API Request","method":"GET","os":"Windows","span_id":"4b7d8a21e5f8f780","status":401,"timestamp":"2026-05-20T09:59:09.819Z","trace_flags":"01","trace_id":"587953edb808320bf73e5a2ef7852771","url":"/api/portfolio"}
{"browser":"Chrome","deviceType":"desktop","duration":"1ms","level":"info","message":"API Request","method":"GET","os":"Windows","span_id":"6512425c3de2669d","status":401,"timestamp":"2026-05-20T09:59:09.822Z","trace_flags":"01","trace_id":"8bf42ba63ca87f158f868e7101f56565","url":"/api/portfolio"}
{"browser":"Chrome","deviceType":"desktop","duration":"0ms","level":"info","message":"API Request","method":"GET","os":"Windows","span_id":"b3dce2b78dd8461b","status":401,"timestamp":"2026-05-20T09:59:11.080Z","trace_flags":"01","trace_id":"41f144ff0fd71d87b37601fafd644483","url":"/api/portfolio"}
{"browser":"Chrome","deviceType":"desktop","duration":"1ms","level":"info","message":"API Request","method":"GET","os":"Windows","span_id":"9a0a269dbf6b78db","status":401,"timestamp":"2026-05-20T09:59:11.084Z","trace_flags":"01","trace_id":"3a97d03f7a12dfff73c13a669bc1bd24","url":"/api/portfolio"}
{"browser":"Mobile Chrome","deviceType":"mobile","duration":"1ms","level":"info","message":"API Request","method":"GET","os":"Android","span_id":"fef456fb3c621fb4","status":401,"timestamp":"2026-05-20T09:59:48.059Z","trace_flags":"01","trace_id":"6431754dc7b4cb3fbb8a46306ec75025","url":"/api/portfolio"}
{"browser":"Mobile Chrome","deviceType":"mobile","duration":"1ms","level":"info","message":"API Request","method":"GET","os":"Android","span_id":"4d36b53e371382d1","status":401,"timestamp":"2026-05-20T09:59:48.066Z","trace_flags":"01","trace_id":"c1119976a52dd2a68ef95bd58e36c94b","url":"/api/portfolio"}
{"browser":"Mobile Chrome","deviceType":"mobile","duration":"0ms","level":"info","message":"API Request","method":"GET","os":"Android","span_id":"bbf859982f6b0c29","status":401,"timestamp":"2026-05-20T09:59:49.109Z","trace_flags":"01","trace_id":"10c1610846116cf3963b1fc37d26292f","url":"/api/portfolio"}
{"browser":"Mobile Chrome","deviceType":"mobile","duration":"1ms","level":"info","message":"API Request","method":"GET","os":"Android","span_id":"67e45b0e5fa2e3b9","status":401,"timestamp":"2026-05-20T09:59:49.112Z","trace_flags":"01","trace_id":"3a0606040bbc38dccb35edf570b57b60","url":"/api/portfolio"}
{"browser":"Mobile Chrome","deviceType":"mobile","duration":"1ms","level":"info","message":"API Request","method":"GET","os":"Android","span_id":"f74b73c02808a434","status":401,"timestamp":"2026-05-20T09:59:50.025Z","trace_flags":"01","trace_id":"df5fbc0053988b49276283577258e20d","url":"/api/portfolio"}
{"browser":"Mobile Chrome","deviceType":"mobile","duration":"1ms","level":"info","message":"API Request","method":"GET","os":"Android","span_id":"2785b149adc11c94","status":401,"timestamp":"2026-05-20T09:59:50.028Z","trace_flags":"01","trace_id":"55a8bbbf55df3d5b6da1e6db3e88d40d","url":"/api/portfolio"}
{"browser":"Mobile Chrome","deviceType":"mobile","duration":"1ms","level":"info","message":"API Request","method":"GET","os":"Android","span_id":"904e710e52d120f9","status":401,"timestamp":"2026-05-20T10:00:56.825Z","trace_flags":"01","trace_id":"61ec2b46dccf71df4f3d5de49f428019","url":"/api/portfolio"}
{"browser":"Mobile Chrome","deviceType":"mobile","duration":"1ms","level":"info","message":"API Request","method":"GET","os":"Android","span_id":"efcae673f794865b","status":401,"timestamp":"2026-05-20T10:00:56.828Z","trace_flags":"01","trace_id":"ea958fe52fe27c65c86fca1ac792be40","url":"/api/portfolio"}
{"browser":"Mobile Chrome","deviceType":"mobile","duration":"1ms","level":"info","message":"API Request","method":"GET","os":"Android","span_id":"8cbe1b36b887f7a9","status":401,"timestamp":"2026-05-20T10:01:51.827Z","trace_flags":"01","trace_id":"62121eac304755d50b2326b27a892a83","url":"/api/portfolio"}
{"browser":"Mobile Chrome","deviceType":"mobile","duration":"1ms","level":"info","message":"API Request","method":"GET","os":"Android","span_id":"f71b7ce0c1fb775b","status":401,"timestamp":"2026-05-20T10:01:51.831Z","trace_flags":"01","trace_id":"9d924d5674a73e51271f379c0c641abf","url":"/api/portfolio"}
{"browser":"Mobile Chrome","deviceType":"mobile","duration":"1ms","level":"info","message":"API Request","method":"GET","os":"Android","span_id":"f4555d865c0bde28","status":401,"timestamp":"2026-05-20T10:01:56.132Z","trace_flags":"01","trace_id":"86c0805db546aadfb72c33094920f496","url":"/api/portfolio"}
{"browser":"Mobile Chrome","deviceType":"mobile","duration":"1ms","level":"info","message":"API Request","method":"GET","os":"Android","span_id":"d5b89c32679825b3","status":401,"timestamp":"2026-05-20T10:02:02.996Z","trace_flags":"01","trace_id":"05717fb9b1f3b24f098ff97abaf0be05","url":"/api/portfolio"}
{"browser":"Mobile Chrome","deviceType":"mobile","duration":"1ms","level":"info","message":"API Request","method":"GET","os":"Android","span_id":"0c57f4b2d91725b0","status":401,"timestamp":"2026-05-20T10:02:03.002Z","trace_flags":"01","trace_id":"33a061cdf0579835073797896b342338","url":"/api/portfolio"}
{"browser":"Mobile Chrome","deviceType":"mobile","duration":"1ms","level":"info","message":"API Request","method":"GET","os":"Android","span_id":"1de132c12cf8e507","status":401,"timestamp":"2026-05-20T10:02:04.163Z","trace_flags":"01","trace_id":"b4dba30b7a16c3c40b7f178bb5a7a989","url":"/api/portfolio"}
{"browser":"Mobile Chrome","deviceType":"mobile","duration":"1ms","level":"info","message":"API Request","method":"GET","os":"Android","span_id":"301d546016512e1d","status":401,"timestamp":"2026-05-20T10:02:04.166Z","trace_flags":"01","trace_id":"4aa4dad97e44e445d87c89d94a5bd1d8","url":"/api/portfolio"}
{"browser":"Mobile Chrome","deviceType":"mobile","duration":"1ms","level":"info","message":"API Request","method":"GET","os":"Android","span_id":"1c1fcf6b9b004471","status":401,"timestamp":"2026-05-20T10:02:04.801Z","trace_flags":"01","trace_id":"069df53b70fb6b74406f106ceee3a9bc","url":"/api/portfolio"}
{"browser":"Mobile Chrome","deviceType":"mobile","duration":"0ms","level":"info","message":"API Request","method":"GET","os":"Android","span_id":"11b8e52101c974cc","status":401,"timestamp":"2026-05-20T10:02:04.804Z","trace_flags":"01","trace_id":"d7f3c78f68e9357d45f521f51a68826e","url":"/api/portfolio"}
{"browser":"Mobile Chrome","deviceType":"mobile","duration":"1ms","level":"info","message":"API Request","method":"GET","os":"Android","span_id":"0f5b0edebf9d5b3c","status":401,"timestamp":"2026-05-20T10:02:05.619Z","trace_flags":"01","trace_id":"8736966f8a4ce365809ea31b26af3e58","url":"/api/portfolio"}
{"browser":"Mobile Chrome","deviceType":"mobile","duration":"1ms","level":"info","message":"API Request","method":"GET","os":"Android","span_id":"eebf5385a04edadb","status":401,"timestamp":"2026-05-20T10:02:05.623Z","trace_flags":"01","trace_id":"51935e3ee017a62346c307eec3b742ca","url":"/api/portfolio"}
{"browser":"Mobile Chrome","deviceType":"mobile","duration":"292ms","level":"info","message":"API Request","method":"GET","os":"Android","span_id":"1307397960394182","status":200,"timestamp":"2026-05-20T10:02:57.923Z","trace_flags":"01","trace_id":"6772862806cd6003022ba4c7f94289fb","url":"/api/portfolio"}
{"browser":"Mobile Chrome","deviceType":"mobile","duration":"4ms","level":"info","message":"API Request","method":"GET","os":"Android","span_id":"ad34a5edb2e55d84","status":200,"timestamp":"2026-05-20T10:03:01.033Z","trace_flags":"01","trace_id":"9bd701085b3182e425f80dcaba25c589","url":"/api/portfolio"}
{"browser":"Mobile Chrome","deviceType":"mobile","duration":"3ms","level":"info","message":"API Request","method":"GET","os":"Android","span_id":"17ad546f52bfb1c0","status":304,"timestamp":"2026-05-20T10:03:01.040Z","trace_flags":"01","trace_id":"47af14059169d108020ceba910065106","url":"/api/portfolio"}
{"browser":"Mobile Chrome","deviceType":"mobile","duration":"3ms","level":"info","message":"API Request","method":"GET","os":"Android","span_id":"fe41c282e729431d","status":304,"timestamp":"2026-05-20T10:03:02.717Z","trace_flags":"01","trace_id":"f22303d64a1c74bef061cc90f6d24e99","url":"/api/portfolio"}
{"browser":"Mobile Chrome","deviceType":"mobile","duration":"3ms","level":"info","message":"API Request","method":"GET","os":"Android","span_id":"517b9f2a1dbb19ed","status":304,"timestamp":"2026-05-20T10:03:02.724Z","trace_flags":"01","trace_id":"f08cc3787e84d127d60680b05dc545ea","url":"/api/portfolio"}
{"browser":"Mobile Chrome","deviceType":"mobile","duration":"2ms","level":"info","message":"API Request","method":"GET","os":"Android","span_id":"ca8a658650c0386c","status":304,"timestamp":"2026-05-20T10:03:03.954Z","trace_flags":"01","trace_id":"f15c18d6f7c01eac30f7a26c7d663774","url":"/api/portfolio"}
{"browser":"Mobile Chrome","deviceType":"mobile","duration":"3ms","level":"info","message":"API Request","method":"GET","os":"Android","span_id":"bb0a434d54acc82b","status":304,"timestamp":"2026-05-20T10:03:03.962Z","trace_flags":"01","trace_id":"0abe45ca71f7ca5f8c2351ee047e4e43","url":"/api/portfolio"}
{"browser":"Mobile Chrome","deviceType":"mobile","duration":"3ms","level":"info","message":"API Request","method":"GET","os":"Android","span_id":"bd7ebd78bcac69b2","status":304,"timestamp":"2026-05-20T10:03:06.638Z","trace_flags":"01","trace_id":"0dd2aa183c7d3b1a3ac90616a719a743","url":"/api/portfolio"}
{"browser":"Mobile Chrome","deviceType":"mobile","duration":"4ms","level":"info","message":"API Request","method":"GET","os":"Android","span_id":"12763145bbd71325","status":304,"timestamp":"2026-05-20T10:03:06.648Z","trace_flags":"01","trace_id":"aac944062425446a8a5f4209de78b8e0","url":"/api/portfolio"}
{"browser":"Mobile Chrome","deviceType":"mobile","duration":"2ms","level":"info","message":"API Request","method":"GET","os":"Android","span_id":"72c6fbab0ae9df1c","status":401,"timestamp":"2026-05-20T10:04:20.697Z","trace_flags":"01","trace_id":"115ab6d2abef4d60c338b8f3b34d13b7","url":"/api/auth/me"}
{"browser":"Mobile Chrome","deviceType":"mobile","duration":"1ms","level":"info","message":"API Request","method":"GET","os":"Android","span_id":"329d7d3d1265ed0a","status":401,"timestamp":"2026-05-20T10:04:20.702Z","trace_flags":"01","trace_id":"55c06cea7ca9ec767ebd46af6303acc2","url":"/api/auth/me"}
{"browser":"Mobile Chrome","deviceType":"mobile","duration":"48ms","level":"info","message":"API Request","method":"GET","os":"Android","span_id":"9c6e830050d262e8","status":304,"timestamp":"2026-05-20T10:05:13.787Z","trace_flags":"01","trace_id":"8d3c48834f9ed724301c41e54b3e4dcc","url":"/api/audit"}
{"browser":"Mobile Chrome","deviceType":"mobile","duration":"235ms","level":"info","message":"API Request","method":"GET","os":"Android","span_id":"7daac2cb38a1b6c4","status":200,"timestamp":"2026-05-20T10:05:28.672Z","trace_flags":"01","trace_id":"b4352de27aa5a9ec017c0f9f9db925cc","url":"/api/portfolio"}
{"browser":"Chrome","deviceType":"desktop","duration":"3ms","level":"info","message":"API Request","method":"GET","os":"Windows","span_id":"7dc9c18e7ba4c154","status":200,"timestamp":"2026-05-20T10:05:44.097Z","trace_flags":"01","trace_id":"f864a7fc7ad28df2cbbda69228e55933","url":"/api/portfolio"}
{"browser":"Chrome","deviceType":"desktop","duration":"3ms","level":"info","message":"API Request","method":"GET","os":"Windows","span_id":"c3bbba5418d362eb","status":304,"timestamp":"2026-05-20T10:05:44.114Z","trace_flags":"01","trace_id":"804de8b6e6aa8efcb7ac51a288f78db3","url":"/api/portfolio"}
{"browser":"Chrome","deviceType":"desktop","duration":"3ms","level":"info","message":"API Request","method":"GET","os":"Windows","span_id":"a27e074b7c400547","status":304,"timestamp":"2026-05-20T10:05:45.271Z","trace_flags":"01","trace_id":"a6b2eaf1a0ee72f435f7a2675ac2e39f","url":"/api/portfolio"}
{"browser":"Chrome","deviceType":"desktop","duration":"3ms","level":"info","message":"API Request","method":"GET","os":"Windows","span_id":"80bee626390716a2","status":304,"timestamp":"2026-05-20T10:05:45.278Z","trace_flags":"01","trace_id":"eee6dcae6e42db73529d73a49bc73d4e","url":"/api/portfolio"}
{"browser":"Chrome","deviceType":"desktop","duration":"4ms","level":"info","message":"API Request","method":"GET","os":"Windows","span_id":"782dbf21e2f94258","status":304,"timestamp":"2026-05-20T10:05:46.033Z","trace_flags":"01","trace_id":"bff7d44a77054454aa6e1ac59b60a28c","url":"/api/portfolio"}
{"browser":"Chrome","deviceType":"desktop","duration":"2ms","level":"info","message":"API Request","method":"GET","os":"Windows","span_id":"97750c0369e3495b","status":304,"timestamp":"2026-05-20T10:05:46.038Z","trace_flags":"01","trace_id":"9efab2c0c6bf4e63b16ad3d21acc2cda","url":"/api/portfolio"}
{"browser":"Chrome","deviceType":"desktop","duration":"2ms","level":"info","message":"API Request","method":"GET","os":"Windows","span_id":"ee669d8aab60b644","status":304,"timestamp":"2026-05-20T10:05:46.801Z","trace_flags":"01","trace_id":"281c4cda25bd574df9c28de8ada830e3","url":"/api/portfolio"}
{"browser":"Chrome","deviceType":"desktop","duration":"3ms","level":"info","message":"API Request","method":"GET","os":"Windows","span_id":"a5c394e8635bae82","status":304,"timestamp":"2026-05-20T10:05:46.808Z","trace_flags":"01","trace_id":"605b254db70a7568ee715e728fa311ad","url":"/api/portfolio"}
{"browser":"Chrome","deviceType":"desktop","duration":"40ms","level":"info","message":"API Request","method":"GET","os":"Windows","span_id":"edd54a918b3fd5fc","status":304,"timestamp":"2026-05-20T10:05:49.369Z","trace_flags":"01","trace_id":"72bf84280a7e53e74903dc631c1ed6be","url":"/api/audit"}
{"browser":"Chrome","deviceType":"desktop","duration":"57ms","level":"info","message":"API Request","method":"GET","os":"Windows","span_id":"094644a9ee323549","status":304,"timestamp":"2026-05-20T10:05:49.429Z","trace_flags":"01","trace_id":"ccb5485793632b637f279a41ec2be200","url":"/api/audit"}
{"browser":"Chrome","deviceType":"desktop","duration":"34ms","level":"info","message":"API Request","method":"GET","os":"Windows","span_id":"99eefbdb1fce8342","status":304,"timestamp":"2026-05-20T10:05:59.998Z","trace_flags":"01","trace_id":"336d1d6a4e4108c5156c66d087e423b9","url":"/api/audit"}
{"browser":"Chrome","deviceType":"desktop","duration":"33ms","level":"info","message":"API Request","method":"GET","os":"Windows","span_id":"78ceb9ddfb55cb50","status":304,"timestamp":"2026-05-20T10:06:00.035Z","trace_flags":"01","trace_id":"0571910d4c393164c894e3032358ff4f","url":"/api/audit"}
{"browser":"Chrome","deviceType":"desktop","duration":"34ms","level":"info","message":"API Request","method":"GET","os":"Windows","span_id":"f6d78a4a0b5b6731","status":304,"timestamp":"2026-05-20T10:07:58.992Z","trace_flags":"01","trace_id":"9d4608c1f88040dd83fafdccfaef5f03","url":"/api/audit"}
{"browser":"Chrome","deviceType":"desktop","duration":"34ms","level":"info","message":"API Request","method":"GET","os":"Windows","span_id":"9d7f172ed6162d55","status":304,"timestamp":"2026-05-20T10:07:59.029Z","trace_flags":"01","trace_id":"284694c80667b9f06c235a84b4eeb1bd","url":"/api/audit"}
{"browser":"Chrome","deviceType":"desktop","duration":"219ms","level":"info","message":"API Request","method":"GET","os":"Windows","span_id":"9052bfcda503a92e","status":200,"timestamp":"2026-05-20T10:43:42.928Z","trace_flags":"01","trace_id":"be3b0d1673a348d13f126fe5bbbd39ee","url":"/api/portfolio"}
{"browser":"Chrome","deviceType":"desktop","duration":"5ms","level":"info","message":"API Request","method":"GET","os":"Windows","span_id":"1987d1f66936f1f9","status":200,"timestamp":"2026-05-20T10:43:42.969Z","trace_flags":"01","trace_id":"ac486bb907c5578504a4615e0b394610","url":"/api/portfolio"}
{"browser":"Chrome","deviceType":"desktop","duration":"4ms","level":"info","message":"API Request","method":"GET","os":"Windows","span_id":"f26bbae4a1129a9b","status":304,"timestamp":"2026-05-20T10:43:43.498Z","trace_flags":"01","trace_id":"9ced959f8481eb72e6ccd7fd106dece4","url":"/api/portfolio"}
{"browser":"Chrome","deviceType":"desktop","duration":"5ms","level":"info","message":"API Request","method":"GET","os":"Windows","span_id":"646c9d0bd527150b","status":304,"timestamp":"2026-05-20T10:43:43.510Z","trace_flags":"01","trace_id":"affa3c3d0122def757f5e1f26656e861","url":"/api/portfolio"}
{"browser":"Chrome","deviceType":"desktop","duration":"3ms","level":"info","message":"API Request","method":"GET","os":"Windows","span_id":"a58f7bb0047c6505","status":304,"timestamp":"2026-05-20T10:43:44.425Z","trace_flags":"01","trace_id":"63e8ed8470c75c2eb4aedf4f8a8c249d","url":"/api/portfolio"}
{"browser":"Chrome","deviceType":"desktop","duration":"4ms","level":"info","message":"API Request","method":"GET","os":"Windows","span_id":"7b5c0bb9d133c5e7","status":304,"timestamp":"2026-05-20T10:43:44.439Z","trace_flags":"01","trace_id":"becc0c29b9252dad54ddd4a6a6e7e896","url":"/api/portfolio"}
{"browser":"Chrome","deviceType":"desktop","duration":"3ms","level":"info","message":"API Request","method":"GET","os":"Windows","span_id":"0676b6261db5ed00","status":304,"timestamp":"2026-05-20T10:43:45.312Z","trace_flags":"01","trace_id":"6c6942ef8c2ccdfbfdae0cc193fdb29f","url":"/api/portfolio"}
{"browser":"Chrome","deviceType":"desktop","duration":"3ms","level":"info","message":"API Request","method":"GET","os":"Windows","span_id":"4fe152b4fbc432eb","status":304,"timestamp":"2026-05-20T10:43:45.319Z","trace_flags":"01","trace_id":"53e327cfa247241459b9ef5042e7d172","url":"/api/portfolio"}
{"browser":"Chrome","deviceType":"desktop","duration":"52ms","level":"info","message":"API Request","method":"GET","os":"Windows","span_id":"3634a90bb714cef6","status":304,"timestamp":"2026-05-20T10:43:48.207Z","trace_flags":"01","trace_id":"437f3f84099dd5fb2d3c70cfd0e603e8","url":"/api/audit"}
{"browser":"Chrome","deviceType":"desktop","duration":"36ms","level":"info","message":"API Request","method":"GET","os":"Windows","span_id":"ee46b77eaa66b11e","status":304,"timestamp":"2026-05-20T10:43:48.248Z","trace_flags":"01","trace_id":"3f16aaf6e45cd4e2dcd4600faae2f524","url":"/api/audit"}
{"browser":"Chrome","deviceType":"desktop","duration":"2ms","level":"info","message":"API Request","method":"OPTIONS","os":"Windows","span_id":"327b040d3cb7a259","status":204,"timestamp":"2026-05-20T10:44:17.427Z","trace_flags":"01","trace_id":"6f6202c38ed35fba02a7d3c604614910","url":"/api/auth/login"}
{"browser":"Chrome","deviceType":"desktop","duration":"249ms","level":"info","message":"API Request","method":"POST","os":"Windows","span_id":"e510e5176abf4018","status":401,"timestamp":"2026-05-20T10:44:17.737Z","trace_flags":"01","trace_id":"bc9e42667931655e008f798abccbfd8a","url":"/api/auth/login"}
{"browser":"Chrome","deviceType":"desktop","duration":"252ms","level":"info","message":"API Request","method":"POST","os":"Windows","span_id":"2a510fee135592e6","status":200,"timestamp":"2026-05-20T10:44:21.822Z","trace_flags":"01","trace_id":"77c1749d6ef8261422849e7708ccaa89","url":"/api/auth/login"}
{"browser":"Chrome","deviceType":"desktop","duration":"32ms","level":"info","message":"API Request","method":"GET","os":"Windows","span_id":"de289d7882ca659b","status":304,"timestamp":"2026-05-20T10:44:35.508Z","trace_flags":"01","trace_id":"3fde04c63696a317c8cea783199695cf","url":"/api/audit"}
{"browser":"Chrome","deviceType":"desktop","duration":"32ms","level":"info","message":"API Request","method":"GET","os":"Windows","span_id":"bd4a55af7e852c46","status":304,"timestamp":"2026-05-20T10:44:35.544Z","trace_flags":"01","trace_id":"420b2f032d8994223d4afaa55ef8fc9c","url":"/api/audit"}
{"browser":"Chrome","deviceType":"desktop","duration":"33ms","level":"info","message":"API Request","method":"GET","os":"Windows","span_id":"b47f3f7adc253b70","status":304,"timestamp":"2026-05-20T10:44:38.533Z","trace_flags":"01","trace_id":"cd9f394bb9d3bf50899133fb6585a2ab","url":"/api/audit"}
{"browser":"Chrome","deviceType":"desktop","duration":"35ms","level":"info","message":"API Request","method":"GET","os":"Windows","span_id":"a58c20904ca4b0d2","status":304,"timestamp":"2026-05-20T10:44:38.573Z","trace_flags":"01","trace_id":"9bfc82e5398f3fdd8a39885044704900","url":"/api/audit"}
{"browser":"Chrome","deviceType":"desktop","duration":"1ms","level":"info","message":"API Request","method":"OPTIONS","os":"Windows","span_id":"73e50130e7aaf0bd","status":204,"timestamp":"2026-05-20T10:56:00.727Z","trace_flags":"01","trace_id":"dc87ea91c723206982f0db78232922cd","url":"/api/auth/login"}
{"browser":"Chrome","deviceType":"desktop","duration":"140ms","level":"info","message":"API Request","method":"POST","os":"Windows","span_id":"77342e3e08d41942","status":200,"timestamp":"2026-05-20T10:56:00.910Z","trace_flags":"01","trace_id":"256204b53b1a882d8b18b72a19258f52","url":"/api/auth/login"}
{"browser":"Chrome","deviceType":"desktop","duration":"222ms","level":"info","message":"API Request","method":"GET","os":"Windows","span_id":"a06c93903d3e2956","status":200,"timestamp":"2026-05-20T10:56:05.477Z","trace_flags":"01","trace_id":"af49586456592d88714fc9102d129814","url":"/api/portfolio"}
{"browser":"Chrome","deviceType":"desktop","duration":"1ms","level":"info","message":"API Request","method":"GET","os":"Windows","span_id":"39b0f473806369e0","status":200,"timestamp":"2026-05-20T10:56:05.481Z","trace_flags":"01","trace_id":"c58190f80f20a095e341e4531f9337e7","url":"/api/portfolio"}
{"browser":"Chrome","deviceType":"desktop","duration":"2ms","level":"info","message":"API Request","method":"GET","os":"Windows","span_id":"7662c53ad45d749e","status":304,"timestamp":"2026-05-20T10:56:10.168Z","trace_flags":"01","trace_id":"2c933d1d4568537bc4ac495a93f0da24","url":"/api/portfolio"}
{"browser":"Chrome","deviceType":"desktop","duration":"1ms","level":"info","message":"API Request","method":"GET","os":"Windows","span_id":"763c3ee494c33816","status":304,"timestamp":"2026-05-20T10:56:10.172Z","trace_flags":"01","trace_id":"d468b66d4430f40935e4594b1835fed3","url":"/api/portfolio"}
{"browser":"Chrome","deviceType":"desktop","duration":"1ms","level":"info","message":"API Request","method":"GET","os":"Windows","span_id":"1890c61160909bd1","status":304,"timestamp":"2026-05-20T10:56:12.990Z","trace_flags":"01","trace_id":"d20eb354aec46838860f2bf5f95747a3","url":"/api/portfolio"}
{"browser":"Chrome","deviceType":"desktop","duration":"4ms","level":"info","message":"API Request","method":"GET","os":"Windows","span_id":"87f6f4384be3de36","status":304,"timestamp":"2026-05-20T10:56:12.996Z","trace_flags":"01","trace_id":"2ce49bc13695c4a30750da3ab19bf900","url":"/api/portfolio"}
{"browser":"Chrome","deviceType":"desktop","duration":"2ms","level":"info","message":"API Request","method":"GET","os":"Windows","span_id":"21def292d2b02504","status":304,"timestamp":"2026-05-20T10:56:16.185Z","trace_flags":"01","trace_id":"db2a025019dc1e20ea98ec50bd52009c","url":"/api/portfolio"}
{"browser":"Chrome","deviceType":"desktop","duration":"2ms","level":"info","message":"API Request","method":"GET","os":"Windows","span_id":"615969908f1f7ca6","status":304,"timestamp":"2026-05-20T10:56:16.190Z","trace_flags":"01","trace_id":"4f0d634242911b0517d7de34b486b5c3","url":"/api/portfolio"}
{"browser":"Chrome","deviceType":"desktop","duration":"31ms","level":"info","message":"API Request","method":"GET","os":"Windows","span_id":"6f230956d5975df3","status":304,"timestamp":"2026-05-20T10:56:34.819Z","trace_flags":"01","trace_id":"6b75d9a37b34dd8b6393c4e709596a23","url":"/api/audit"}
{"browser":"Chrome","deviceType":"desktop","duration":"29ms","level":"info","message":"API Request","method":"GET","os":"Windows","span_id":"7c81267e9b0fc161","status":304,"timestamp":"2026-05-20T10:56:34.850Z","trace_flags":"01","trace_id":"54669b67f24b127a454d15c635689504","url":"/api/audit"}
